[0.000000] (-) TimerEvent: {}
[0.000000] (handler_pkg) JobQueued: {'identifier': 'handler_pkg', 'dependencies': OrderedDict()}
[0.000000] (sensor_pkg) JobQueued: {'identifier': 'sensor_pkg', 'dependencies': OrderedDict()}
[0.000000] (handler_pkg) JobStarted: {'identifier': 'handler_pkg'}
[0.125000] (-) TimerEvent: {}
[0.235000] (-) TimerEvent: {}
[0.344000] (-) TimerEvent: {}
[0.453000] (-) TimerEvent: {}
[0.578000] (-) TimerEvent: {}
[0.688000] (-) TimerEvent: {}
[0.797000] (-) TimerEvent: {}
[0.906000] (-) TimerEvent: {}
[1.016000] (-) TimerEvent: {}
[1.047000] (sensor_pkg) JobStarted: {'identifier': 'sensor_pkg'}
[1.141000] (-) TimerEvent: {}
[1.250000] (-) TimerEvent: {}
[1.360000] (-) TimerEvent: {}
[1.469000] (-) TimerEvent: {}
[1.578000] (-) TimerEvent: {}
[1.688000] (-) TimerEvent: {}
[1.797000] (-) TimerEvent: {}
[1.906000] (-) TimerEvent: {}
[2.016000] (-) TimerEvent: {}
[2.078000] (handler_pkg) JobProgress: {'identifier': 'handler_pkg', 'progress': 'cmake'}
[2.078000] (handler_pkg) Command: {'cmd': ['C:\\Program Files\\CMake\\bin\\cmake.EXE', 'C:\\COMP4900project\\ros2_ws\\src\\handler_pkg', '-DCMAKE_INSTALL_PREFIX=C:\\COMP4900project\\ros2_ws\\install', '-G', 'Visual Studio 16 2019'], 'cwd': 'C:\\COMP4900project\\ros2_ws\\build\\handler_pkg', 'env': OrderedDict([('ALLUSERSPROFILE', 'C:\\ProgramData'), ('AMENT_PREFIX_PATH', 'C:\\dev\\ros2-humble-20240222-windows-release-amd64\\ros2-windows;C:\\iron\\install'), ('APPDATA', 'C:\\Users\\momo_\\AppData\\Roaming'), ('ChocolateyInstall', 'C:\\ProgramData\\chocolatey'), ('ChocolateyLastPathUpdate', '133547394452292409'), ('CMAKE_PREFIX_PATH', 'C:\\dev\\ros2-humble-20240222-windows-release-amd64\\ros2-windows;C:\\iron\\install'), ('COLCON', '1'), ('COLCON_PREFIX_PATH', 'C:\\dev\\ros2-humble-20240222-windows-release-amd64\\ros2-windows\\;C:\\iron\\install\\'), ('CommandPromptType', 'Native'), ('CommonProgramFiles', 'C:\\Program Files\\Common Files'), ('CommonProgramFiles(x86)', 'C:\\Program Files (x86)\\Common Files'), ('CommonProgramW6432', 'C:\\Program Files\\Common Files'), ('COMPUTERNAME', 'DESKTOP-Q9KLUM0'), ('ComSpec', 'C:\\WINDOWS\\system32\\cmd.exe'), ('DevEnvDir', 'C:\\Program Files (x86)\\Microsoft Visual Studio\\2019\\Community\\Common7\\IDE\\'), ('DriverData', 'C:\\Windows\\System32\\Drivers\\DriverData'), ('ExtensionSdkDir', 'C:\\Program Files (x86)\\Microsoft SDKs\\Windows Kits\\10\\ExtensionSDKs'), ('Framework40Version', 'v4.0'), ('FrameworkDir', 'C:\\Windows\\Microsoft.NET\\Framework\\'), ('FrameworkDir32', 'C:\\Windows\\Microsoft.NET\\Framework\\'), ('FrameworkVersion', 'v4.0.30319'), ('FrameworkVersion32', 'v4.0.30319'), ('HOMEDRIVE', 'C:'), ('HOMEPATH', '\\Users\\momo_'), ('INCLUDE', 'C:\\Program Files (x86)\\Microsoft Visual Studio\\2019\\Community\\VC\\Tools\\MSVC\\14.29.30133\\ATLMFC\\include;C:\\Program Files (x86)\\Microsoft Visual Studio\\2019\\Community\\VC\\Tools\\MSVC\\14.29.30133\\include;C:\\Program Files (x86)\\Windows Kits\\10\\include\\10.0.22000.0\\ucrt;C:\\Program Files (x86)\\Windows Kits\\10\\include\\10.0.22000.0\\shared;C:\\Program Files (x86)\\Windows Kits\\10\\include\\10.0.22000.0\\um;C:\\Program Files (x86)\\Windows Kits\\10\\include\\10.0.22000.0\\winrt;C:\\Program Files (x86)\\Windows Kits\\10\\include\\10.0.22000.0\\cppwinrt\nIntelliJ IDEA=C:\\Program Files\\JetBrains\\IntelliJ IDEA 2023.2.1\\bin;\nIntelliJ IDEA Educational Edition=C:\\Program Files\\JetBrains\\IntelliJ IDEA Educational Edition 2020.3.2\\bin;'), ('JAVA_HOME', 'C:\\Program Files\\AdoptOpenJDK\\jdk-11.0.10.9-hotspot\\'), ('KMP_BLOCKTIME', '0'), ('LIB', 'C:\\Program Files (x86)\\Microsoft Visual Studio\\2019\\Community\\VC\\Tools\\MSVC\\14.29.30133\\ATLMFC\\lib\\x86;C:\\Program Files (x86)\\Microsoft Visual Studio\\2019\\Community\\VC\\Tools\\MSVC\\14.29.30133\\lib\\x86;C:\\Program Files (x86)\\Windows Kits\\10\\lib\\10.0.22000.0\\ucrt\\x86;C:\\Program Files (x86)\\Windows Kits\\10\\lib\\10.0.22000.0\\um\\x86'), ('LIBPATH', 'C:\\Program Files (x86)\\Microsoft Visual Studio\\2019\\Community\\VC\\Tools\\MSVC\\14.29.30133\\ATLMFC\\lib\\x86;C:\\Program Files (x86)\\Microsoft Visual Studio\\2019\\Community\\VC\\Tools\\MSVC\\14.29.30133\\lib\\x86;C:\\Program Files (x86)\\Microsoft Visual Studio\\2019\\Community\\VC\\Tools\\MSVC\\14.29.30133\\lib\\x86\\store\\references;C:\\Program Files (x86)\\Windows Kits\\10\\UnionMetadata\\10.0.22000.0;C:\\Program Files (x86)\\Windows Kits\\10\\References\\10.0.22000.0;C:\\Windows\\Microsoft.NET\\Framework\\v4.0.30319'), ('LOCALAPPDATA', 'C:\\Users\\momo_\\AppData\\Local'), ('LOGONSERVER', '\\\\DESKTOP-Q9KLUM0'), ('NUMBER_OF_PROCESSORS', '16'), ('OMP_WAIT_POLICY', 'PASSIVE'), ('OneDrive', 'C:\\Users\\momo_\\OneDrive - Carleton University'), ('OneDriveCommercial', 'C:\\Users\\momo_\\OneDrive - Carleton University'), ('OneDriveConsumer', 'C:\\Users\\momo_\\OneDrive'), ('OpenCV_DIR', 'C:\\opencv'), ('OPENSSL_CONF', 'C:\\Program Files\\OpenSSL-Win64\\bin\\openssl.cfg'), ('OS', 'Windows_NT'), ('Path', 'C:\\dev\\ros2-humble-20240222-windows-release-amd64\\ros2-windows\\opt\\yaml_cpp_vendor\\bin;C:\\dev\\ros2-humble-20240222-windows-release-amd64\\ros2-windows\\opt\\rviz_ogre_vendor\\bin;C:\\dev\\ros2-humble-20240222-windows-release-amd64\\ros2-windows\\opt\\rviz_assimp_vendor\\bin;C:\\dev\\ros2-humble-20240222-windows-release-amd64\\ros2-windows\\opt\\libcurl_vendor\\bin;C:\\dev\\ros2-humble-20240222-windows-release-amd64\\ros2-windows\\Scripts;C:\\dev\\ros2-humble-20240222-windows-release-amd64\\ros2-windows\\bin;C:\\iron\\install\\Scripts;C:\\iron\\install\\bin;C:\\Program Files (x86)\\Microsoft Visual Studio\\2019\\Community\\Common7\\IDE\\\\Extensions\\Microsoft\\IntelliCode\\CLI;C:\\Program Files (x86)\\Microsoft Visual Studio\\2019\\Community\\VC\\Tools\\MSVC\\14.29.30133\\bin\\HostX86\\x86;C:\\Program Files (x86)\\Microsoft Visual Studio\\2019\\Community\\Common7\\IDE\\VC\\VCPackages;C:\\Program Files (x86)\\Microsoft Visual Studio\\2019\\Community\\Common7\\IDE\\CommonExtensions\\Microsoft\\TestWindow;C:\\Program Files (x86)\\Microsoft Visual Studio\\2019\\Community\\Common7\\IDE\\CommonExtensions\\Microsoft\\TeamFoundation\\Team Explorer;C:\\Program Files (x86)\\Microsoft Visual Studio\\2019\\Community\\MSBuild\\Current\\bin\\Roslyn;C:\\Program Files (x86)\\Microsoft Visual Studio\\2019\\Community\\Team Tools\\Performance Tools;C:\\Program Files (x86)\\Microsoft Visual Studio\\Shared\\Common\\VSPerfCollectionTools\\vs2019\\;C:\\Program Files (x86)\\Microsoft Visual Studio\\2019\\Community\\Common7\\Tools\\devinit;C:\\Program Files (x86)\\Windows Kits\\10\\bin\\10.0.22000.0\\x86;C:\\Program Files (x86)\\Windows Kits\\10\\bin\\x86;C:\\Program Files (x86)\\Microsoft Visual Studio\\2019\\Community\\\\MSBuild\\Current\\Bin;C:\\Windows\\Microsoft.NET\\Framework\\v4.0.30319;C:\\Program Files (x86)\\Microsoft Visual Studio\\2019\\Community\\Common7\\IDE\\;C:\\Program Files (x86)\\Microsoft Visual Studio\\2019\\Community\\Common7\\Tools\\;C:\\Python38\\Scripts\\;C:\\Python38\\;C:\\Program Files\\AdoptOpenJDK\\jdk-11.0.10.9-hotspot\\bin;C:\\Program Files (x86)\\Common Files\\Oracle\\Java\\javapath;C:\\Windows\\system32;C:\\Windows;C:\\Windows\\System32\\Wbem;C:\\Windows\\System32\\WindowsPowerShell\\v1.0\\;C:\\Windows\\System32\\OpenSSH\\;C:\\Program Files (x86)\\NVIDIA Corporation\\PhysX\\Common;C:\\Program Files\\NVIDIA Corporation\\NVIDIA NvDLISR;C:\\Program Files\\PuTTY\\;C:\\WINDOWS\\system32;C:\\WINDOWS;C:\\WINDOWS\\System32\\Wbem;C:\\WINDOWS\\System32\\WindowsPowerShell\\v1.0\\;C:\\WINDOWS\\System32\\OpenSSH\\;C:\\Program Files\\dotnet\\;C:\\MinGW\\bin;C:\\Smalltalk Notes\\Smalltalk\\Smalltalk\\lib;C:\\Program Files\\Docker\\Docker\\resources\\bin;C:\\Users\\momo_\\AppData\\Local\\Programs\\Python\\Python39;C:\\ProgramData\\chocolatey\\bin;C:\\Program Files\\OpenSSL-Win64\\bin\\;C:\\opencv\\x64\\vc16\\bin;C:\\Program Files\\CMake\\bin;C:\\ProgramData\\chocolatey\\lib\\cunit\\lib;C:\\ProgramData\\chocolatey\\lib\\bullet\\lib;C:\\ProgramData\\chocolatey\\lib\\tinyxml2\\lib;C:\\xmllint\\bin;C:\\Program Files\\Graphviz\\bin;C:\\Qt\\Qt5.12.12\\5.12.12\\msvc2017_64\\bin;C:\\Program Files\\Cppcheck;C:\\Program Files\\Git\\cmd;C:\\Users\\momo_\\AppData\\Local\\Microsoft\\WindowsApps;C:\\Program Files\\JetBrains\\IntelliJ IDEA Educational Edition 2020.3.2\\bin;C:\\Users\\momo_\\AppData\\Local\\Programs\\Microsoft VS Code\\bin;C:\\Program Files\\JetBrains\\IntelliJ IDEA 2023.2.1\\bin'), ('PATHEXT', '.COM;.EXE;.BAT;.CMD;.VBS;.VBE;.JS;.JSE;.WSF;.WSH;.MSC;.PY;.PYW'), ('PKG_CONFIG_PATH', 'C:\\dev\\ros2-humble-20240222-windows-release-amd64\\ros2-windows\\lib\\pkgconfig;C:\\iron\\install\\lib\\pkgconfig'), ('Platform', 'x86'), ('PROCESSOR_ARCHITECTURE', 'AMD64'), ('PROCESSOR_IDENTIFIER', 'Intel64 Family 6 Model 165 Stepping 2, GenuineIntel'), ('PROCESSOR_LEVEL', '6'), ('PROCESSOR_REVISION', 'a502'), ('ProgramData', 'C:\\ProgramData'), ('ProgramFiles', 'C:\\Program Files'), ('ProgramFiles(x86)', 'C:\\Program Files (x86)'), ('ProgramW6432', 'C:\\Program Files'), ('PROMPT', '$P$G'), ('PSModulePath', 'C:\\Program Files\\WindowsPowerShell\\Modules;C:\\WINDOWS\\system32\\WindowsPowerShell\\v1.0\\Modules'), ('PUBLIC', 'C:\\Users\\Public'), ('PYTHONPATH', 'C:\\ci\\ws\\install\\lib\\python3.8\\dist-packages;C:\\dev\\ros2-humble-20240222-windows-release-amd64\\ros2-windows\\Lib\\site-packages;C:\\iron\\install\\Lib\\site-packages'), ('Qt5_DIR', 'C:\\Qt\\Qt5.12.12\\5.12.12\\msvc2017_64'), ('QT_QPA_PLATFORM_PLUGIN_PATH', 'C:\\Qt\\Qt5.12.12\\5.12.12\\msvc2017_64\\plugins\\platforms'), ('ROS_AUTOMATIC_DISCOVERY_RANGE', 'SUBNET'), ('ROS_DISTRO', 'humble'), ('ROS_DOMAIN_ID', '27'), ('ROS_LOCALHOST_ONLY', '0'), ('ROS_PYTHON_VERSION', '3'), ('ROS_VERSION', '2'), ('Sqlite', 'C:\\Users\\momo_\\OneDrive\\Documents\\Winter 2022\\COMP 3005\\sqlite'), ('SystemDrive', 'C:'), ('SystemRoot', 'C:\\WINDOWS'), ('TEMP', 'C:\\Users\\momo_\\AppData\\Local\\Temp'), ('TMP', 'C:\\Users\\momo_\\AppData\\Local\\Temp'), ('UCRTVersion', '10.0.22000.0'), ('UniversalCRTSdkDir', 'C:\\Program Files (x86)\\Windows Kits\\10\\'), ('USERDOMAIN', 'DESKTOP-Q9KLUM0'), ('USERDOMAIN_ROAMINGPROFILE', 'DESKTOP-Q9KLUM0'), ('USERNAME', 'momo_'), ('USERPROFILE', 'C:\\Users\\momo_'), ('VCIDEInstallDir', 'C:\\Program Files (x86)\\Microsoft Visual Studio\\2019\\Community\\Common7\\IDE\\VC\\'), ('VCINSTALLDIR', 'C:\\Program Files (x86)\\Microsoft Visual Studio\\2019\\Community\\VC\\'), ('VCToolsInstallDir', 'C:\\Program Files (x86)\\Microsoft Visual Studio\\2019\\Community\\VC\\Tools\\MSVC\\14.29.30133\\'), ('VCToolsRedistDir', 'C:\\Program Files (x86)\\Microsoft Visual Studio\\2019\\Community\\VC\\Redist\\MSVC\\14.29.30133\\'), ('VCToolsVersion', '14.29.30133'), ('VisualStudioVersion', '16.0'), ('VS160COMNTOOLS', 'C:\\Program Files (x86)\\Microsoft Visual Studio\\2019\\Community\\Common7\\Tools\\'), ('VSCMD_ARG_app_plat', 'Desktop'), ('VSCMD_ARG_HOST_ARCH', 'x86'), ('VSCMD_ARG_TGT_ARCH', 'x86'), ('VSCMD_VER', '16.11.34'), ('VSINSTALLDIR', 'C:\\Program Files (x86)\\Microsoft Visual Studio\\2019\\Community\\'), ('windir', 'C:\\WINDOWS'), ('WindowsLibPath', 'C:\\Program Files (x86)\\Windows Kits\\10\\UnionMetadata\\10.0.22000.0;C:\\Program Files (x86)\\Windows Kits\\10\\References\\10.0.22000.0'), ('WindowsSdkBinPath', 'C:\\Program Files (x86)\\Windows Kits\\10\\bin\\'), ('WindowsSdkDir', 'C:\\Program Files (x86)\\Windows Kits\\10\\'), ('WindowsSDKLibVersion', '10.0.22000.0\\'), ('WindowsSdkVerBinPath', 'C:\\Program Files (x86)\\Windows Kits\\10\\bin\\10.0.22000.0\\'), ('WindowsSDKVersion', '10.0.22000.0\\'), ('ZES_ENABLE_SYSMAN', '1'), ('__devinit_path', 'C:\\Program Files (x86)\\Microsoft Visual Studio\\2019\\Community\\Common7\\Tools\\devinit\\devinit.exe'), ('__DOTNET_ADD_32BIT', '1'), ('__DOTNET_PREFERRED_BITNESS', '32'), ('__VSCMD_PREINIT_PATH', 'C:\\Python38\\Scripts\\;C:\\Python38\\;C:\\Program Files\\AdoptOpenJDK\\jdk-11.0.10.9-hotspot\\bin;C:\\Program Files (x86)\\Common Files\\Oracle\\Java\\javapath;C:\\Windows\\system32;C:\\Windows;C:\\Windows\\System32\\Wbem;C:\\Windows\\System32\\WindowsPowerShell\\v1.0\\;C:\\Windows\\System32\\OpenSSH\\;C:\\Program Files (x86)\\NVIDIA Corporation\\PhysX\\Common;C:\\Program Files\\NVIDIA Corporation\\NVIDIA NvDLISR;C:\\Program Files\\PuTTY\\;C:\\WINDOWS\\system32;C:\\WINDOWS;C:\\WINDOWS\\System32\\Wbem;C:\\WINDOWS\\System32\\WindowsPowerShell\\v1.0\\;C:\\WINDOWS\\System32\\OpenSSH\\;C:\\Program Files\\dotnet\\;C:\\MinGW\\bin;C:\\Smalltalk Notes\\Smalltalk\\Smalltalk\\lib;C:\\Program Files\\Docker\\Docker\\resources\\bin;C:\\Users\\momo_\\AppData\\Local\\Programs\\Python\\Python39;C:\\ProgramData\\chocolatey\\bin;C:\\Program Files\\OpenSSL-Win64\\bin\\;C:\\opencv\\x64\\vc16\\bin;C:\\Program Files\\CMake\\bin;C:\\ProgramData\\chocolatey\\lib\\cunit\\lib;C:\\ProgramData\\chocolatey\\lib\\bullet\\lib;C:\\ProgramData\\chocolatey\\lib\\tinyxml2\\lib;C:\\xmllint\\bin;C:\\Program Files\\Graphviz\\bin;C:\\Qt\\Qt5.12.12\\5.12.12\\msvc2017_64\\bin;C:\\Program Files\\Cppcheck;C:\\Program Files\\Git\\cmd;C:\\Users\\momo_\\AppData\\Local\\Microsoft\\WindowsApps;C:\\Program Files\\JetBrains\\IntelliJ IDEA Educational Edition 2020.3.2\\bin;C:\\Users\\momo_\\AppData\\Local\\Programs\\Microsoft VS Code\\bin;C:\\Program Files\\JetBrains\\IntelliJ IDEA 2023.2.1\\bin'), ('__VSCMD_script_err_count', '0')]), 'shell': False}
[2.094000] (sensor_pkg) JobProgress: {'identifier': 'sensor_pkg', 'progress': 'cmake'}
[2.094000] (sensor_pkg) Command: {'cmd': ['C:\\Program Files\\CMake\\bin\\cmake.EXE', 'C:\\COMP4900project\\ros2_ws\\src\\sensor_pkg', '-DCMAKE_INSTALL_PREFIX=C:\\COMP4900project\\ros2_ws\\install', '-G', 'Visual Studio 16 2019'], 'cwd': 'C:\\COMP4900project\\ros2_ws\\build\\sensor_pkg', 'env': OrderedDict([('ALLUSERSPROFILE', 'C:\\ProgramData'), ('AMENT_PREFIX_PATH', 'C:\\dev\\ros2-humble-20240222-windows-release-amd64\\ros2-windows;C:\\iron\\install'), ('APPDATA', 'C:\\Users\\momo_\\AppData\\Roaming'), ('ChocolateyInstall', 'C:\\ProgramData\\chocolatey'), ('ChocolateyLastPathUpdate', '133547394452292409'), ('CMAKE_PREFIX_PATH', 'C:\\dev\\ros2-humble-20240222-windows-release-amd64\\ros2-windows;C:\\iron\\install'), ('COLCON', '1'), ('COLCON_PREFIX_PATH', 'C:\\dev\\ros2-humble-20240222-windows-release-amd64\\ros2-windows\\;C:\\iron\\install\\'), ('CommandPromptType', 'Native'), ('CommonProgramFiles', 'C:\\Program Files\\Common Files'), ('CommonProgramFiles(x86)', 'C:\\Program Files (x86)\\Common Files'), ('CommonProgramW6432', 'C:\\Program Files\\Common Files'), ('COMPUTERNAME', 'DESKTOP-Q9KLUM0'), ('ComSpec', 'C:\\WINDOWS\\system32\\cmd.exe'), ('DevEnvDir', 'C:\\Program Files (x86)\\Microsoft Visual Studio\\2019\\Community\\Common7\\IDE\\'), ('DriverData', 'C:\\Windows\\System32\\Drivers\\DriverData'), ('ExtensionSdkDir', 'C:\\Program Files (x86)\\Microsoft SDKs\\Windows Kits\\10\\ExtensionSDKs'), ('Framework40Version', 'v4.0'), ('FrameworkDir', 'C:\\Windows\\Microsoft.NET\\Framework\\'), ('FrameworkDir32', 'C:\\Windows\\Microsoft.NET\\Framework\\'), ('FrameworkVersion', 'v4.0.30319'), ('FrameworkVersion32', 'v4.0.30319'), ('HOMEDRIVE', 'C:'), ('HOMEPATH', '\\Users\\momo_'), ('INCLUDE', 'C:\\Program Files (x86)\\Microsoft Visual Studio\\2019\\Community\\VC\\Tools\\MSVC\\14.29.30133\\ATLMFC\\include;C:\\Program Files (x86)\\Microsoft Visual Studio\\2019\\Community\\VC\\Tools\\MSVC\\14.29.30133\\include;C:\\Program Files (x86)\\Windows Kits\\10\\include\\10.0.22000.0\\ucrt;C:\\Program Files (x86)\\Windows Kits\\10\\include\\10.0.22000.0\\shared;C:\\Program Files (x86)\\Windows Kits\\10\\include\\10.0.22000.0\\um;C:\\Program Files (x86)\\Windows Kits\\10\\include\\10.0.22000.0\\winrt;C:\\Program Files (x86)\\Windows Kits\\10\\include\\10.0.22000.0\\cppwinrt\nIntelliJ IDEA=C:\\Program Files\\JetBrains\\IntelliJ IDEA 2023.2.1\\bin;\nIntelliJ IDEA Educational Edition=C:\\Program Files\\JetBrains\\IntelliJ IDEA Educational Edition 2020.3.2\\bin;'), ('JAVA_HOME', 'C:\\Program Files\\AdoptOpenJDK\\jdk-11.0.10.9-hotspot\\'), ('KMP_BLOCKTIME', '0'), ('LIB', 'C:\\Program Files (x86)\\Microsoft Visual Studio\\2019\\Community\\VC\\Tools\\MSVC\\14.29.30133\\ATLMFC\\lib\\x86;C:\\Program Files (x86)\\Microsoft Visual Studio\\2019\\Community\\VC\\Tools\\MSVC\\14.29.30133\\lib\\x86;C:\\Program Files (x86)\\Windows Kits\\10\\lib\\10.0.22000.0\\ucrt\\x86;C:\\Program Files (x86)\\Windows Kits\\10\\lib\\10.0.22000.0\\um\\x86'), ('LIBPATH', 'C:\\Program Files (x86)\\Microsoft Visual Studio\\2019\\Community\\VC\\Tools\\MSVC\\14.29.30133\\ATLMFC\\lib\\x86;C:\\Program Files (x86)\\Microsoft Visual Studio\\2019\\Community\\VC\\Tools\\MSVC\\14.29.30133\\lib\\x86;C:\\Program Files (x86)\\Microsoft Visual Studio\\2019\\Community\\VC\\Tools\\MSVC\\14.29.30133\\lib\\x86\\store\\references;C:\\Program Files (x86)\\Windows Kits\\10\\UnionMetadata\\10.0.22000.0;C:\\Program Files (x86)\\Windows Kits\\10\\References\\10.0.22000.0;C:\\Windows\\Microsoft.NET\\Framework\\v4.0.30319'), ('LOCALAPPDATA', 'C:\\Users\\momo_\\AppData\\Local'), ('LOGONSERVER', '\\\\DESKTOP-Q9KLUM0'), ('NUMBER_OF_PROCESSORS', '16'), ('OMP_WAIT_POLICY', 'PASSIVE'), ('OneDrive', 'C:\\Users\\momo_\\OneDrive - Carleton University'), ('OneDriveCommercial', 'C:\\Users\\momo_\\OneDrive - Carleton University'), ('OneDriveConsumer', 'C:\\Users\\momo_\\OneDrive'), ('OpenCV_DIR', 'C:\\opencv'), ('OPENSSL_CONF', 'C:\\Program Files\\OpenSSL-Win64\\bin\\openssl.cfg'), ('OS', 'Windows_NT'), ('Path', 'C:\\dev\\ros2-humble-20240222-windows-release-amd64\\ros2-windows\\opt\\yaml_cpp_vendor\\bin;C:\\dev\\ros2-humble-20240222-windows-release-amd64\\ros2-windows\\opt\\rviz_ogre_vendor\\bin;C:\\dev\\ros2-humble-20240222-windows-release-amd64\\ros2-windows\\opt\\rviz_assimp_vendor\\bin;C:\\dev\\ros2-humble-20240222-windows-release-amd64\\ros2-windows\\opt\\libcurl_vendor\\bin;C:\\dev\\ros2-humble-20240222-windows-release-amd64\\ros2-windows\\Scripts;C:\\dev\\ros2-humble-20240222-windows-release-amd64\\ros2-windows\\bin;C:\\iron\\install\\Scripts;C:\\iron\\install\\bin;C:\\Program Files (x86)\\Microsoft Visual Studio\\2019\\Community\\Common7\\IDE\\\\Extensions\\Microsoft\\IntelliCode\\CLI;C:\\Program Files (x86)\\Microsoft Visual Studio\\2019\\Community\\VC\\Tools\\MSVC\\14.29.30133\\bin\\HostX86\\x86;C:\\Program Files (x86)\\Microsoft Visual Studio\\2019\\Community\\Common7\\IDE\\VC\\VCPackages;C:\\Program Files (x86)\\Microsoft Visual Studio\\2019\\Community\\Common7\\IDE\\CommonExtensions\\Microsoft\\TestWindow;C:\\Program Files (x86)\\Microsoft Visual Studio\\2019\\Community\\Common7\\IDE\\CommonExtensions\\Microsoft\\TeamFoundation\\Team Explorer;C:\\Program Files (x86)\\Microsoft Visual Studio\\2019\\Community\\MSBuild\\Current\\bin\\Roslyn;C:\\Program Files (x86)\\Microsoft Visual Studio\\2019\\Community\\Team Tools\\Performance Tools;C:\\Program Files (x86)\\Microsoft Visual Studio\\Shared\\Common\\VSPerfCollectionTools\\vs2019\\;C:\\Program Files (x86)\\Microsoft Visual Studio\\2019\\Community\\Common7\\Tools\\devinit;C:\\Program Files (x86)\\Windows Kits\\10\\bin\\10.0.22000.0\\x86;C:\\Program Files (x86)\\Windows Kits\\10\\bin\\x86;C:\\Program Files (x86)\\Microsoft Visual Studio\\2019\\Community\\\\MSBuild\\Current\\Bin;C:\\Windows\\Microsoft.NET\\Framework\\v4.0.30319;C:\\Program Files (x86)\\Microsoft Visual Studio\\2019\\Community\\Common7\\IDE\\;C:\\Program Files (x86)\\Microsoft Visual Studio\\2019\\Community\\Common7\\Tools\\;C:\\Python38\\Scripts\\;C:\\Python38\\;C:\\Program Files\\AdoptOpenJDK\\jdk-11.0.10.9-hotspot\\bin;C:\\Program Files (x86)\\Common Files\\Oracle\\Java\\javapath;C:\\Windows\\system32;C:\\Windows;C:\\Windows\\System32\\Wbem;C:\\Windows\\System32\\WindowsPowerShell\\v1.0\\;C:\\Windows\\System32\\OpenSSH\\;C:\\Program Files (x86)\\NVIDIA Corporation\\PhysX\\Common;C:\\Program Files\\NVIDIA Corporation\\NVIDIA NvDLISR;C:\\Program Files\\PuTTY\\;C:\\WINDOWS\\system32;C:\\WINDOWS;C:\\WINDOWS\\System32\\Wbem;C:\\WINDOWS\\System32\\WindowsPowerShell\\v1.0\\;C:\\WINDOWS\\System32\\OpenSSH\\;C:\\Program Files\\dotnet\\;C:\\MinGW\\bin;C:\\Smalltalk Notes\\Smalltalk\\Smalltalk\\lib;C:\\Program Files\\Docker\\Docker\\resources\\bin;C:\\Users\\momo_\\AppData\\Local\\Programs\\Python\\Python39;C:\\ProgramData\\chocolatey\\bin;C:\\Program Files\\OpenSSL-Win64\\bin\\;C:\\opencv\\x64\\vc16\\bin;C:\\Program Files\\CMake\\bin;C:\\ProgramData\\chocolatey\\lib\\cunit\\lib;C:\\ProgramData\\chocolatey\\lib\\bullet\\lib;C:\\ProgramData\\chocolatey\\lib\\tinyxml2\\lib;C:\\xmllint\\bin;C:\\Program Files\\Graphviz\\bin;C:\\Qt\\Qt5.12.12\\5.12.12\\msvc2017_64\\bin;C:\\Program Files\\Cppcheck;C:\\Program Files\\Git\\cmd;C:\\Users\\momo_\\AppData\\Local\\Microsoft\\WindowsApps;C:\\Program Files\\JetBrains\\IntelliJ IDEA Educational Edition 2020.3.2\\bin;C:\\Users\\momo_\\AppData\\Local\\Programs\\Microsoft VS Code\\bin;C:\\Program Files\\JetBrains\\IntelliJ IDEA 2023.2.1\\bin'), ('PATHEXT', '.COM;.EXE;.BAT;.CMD;.VBS;.VBE;.JS;.JSE;.WSF;.WSH;.MSC;.PY;.PYW'), ('PKG_CONFIG_PATH', 'C:\\dev\\ros2-humble-20240222-windows-release-amd64\\ros2-windows\\lib\\pkgconfig;C:\\iron\\install\\lib\\pkgconfig'), ('Platform', 'x86'), ('PROCESSOR_ARCHITECTURE', 'AMD64'), ('PROCESSOR_IDENTIFIER', 'Intel64 Family 6 Model 165 Stepping 2, GenuineIntel'), ('PROCESSOR_LEVEL', '6'), ('PROCESSOR_REVISION', 'a502'), ('ProgramData', 'C:\\ProgramData'), ('ProgramFiles', 'C:\\Program Files'), ('ProgramFiles(x86)', 'C:\\Program Files (x86)'), ('ProgramW6432', 'C:\\Program Files'), ('PROMPT', '$P$G'), ('PSModulePath', 'C:\\Program Files\\WindowsPowerShell\\Modules;C:\\WINDOWS\\system32\\WindowsPowerShell\\v1.0\\Modules'), ('PUBLIC', 'C:\\Users\\Public'), ('PYTHONPATH', 'C:\\ci\\ws\\install\\lib\\python3.8\\dist-packages;C:\\dev\\ros2-humble-20240222-windows-release-amd64\\ros2-windows\\Lib\\site-packages;C:\\iron\\install\\Lib\\site-packages'), ('Qt5_DIR', 'C:\\Qt\\Qt5.12.12\\5.12.12\\msvc2017_64'), ('QT_QPA_PLATFORM_PLUGIN_PATH', 'C:\\Qt\\Qt5.12.12\\5.12.12\\msvc2017_64\\plugins\\platforms'), ('ROS_AUTOMATIC_DISCOVERY_RANGE', 'SUBNET'), ('ROS_DISTRO', 'humble'), ('ROS_DOMAIN_ID', '27'), ('ROS_LOCALHOST_ONLY', '0'), ('ROS_PYTHON_VERSION', '3'), ('ROS_VERSION', '2'), ('Sqlite', 'C:\\Users\\momo_\\OneDrive\\Documents\\Winter 2022\\COMP 3005\\sqlite'), ('SystemDrive', 'C:'), ('SystemRoot', 'C:\\WINDOWS'), ('TEMP', 'C:\\Users\\momo_\\AppData\\Local\\Temp'), ('TMP', 'C:\\Users\\momo_\\AppData\\Local\\Temp'), ('UCRTVersion', '10.0.22000.0'), ('UniversalCRTSdkDir', 'C:\\Program Files (x86)\\Windows Kits\\10\\'), ('USERDOMAIN', 'DESKTOP-Q9KLUM0'), ('USERDOMAIN_ROAMINGPROFILE', 'DESKTOP-Q9KLUM0'), ('USERNAME', 'momo_'), ('USERPROFILE', 'C:\\Users\\momo_'), ('VCIDEInstallDir', 'C:\\Program Files (x86)\\Microsoft Visual Studio\\2019\\Community\\Common7\\IDE\\VC\\'), ('VCINSTALLDIR', 'C:\\Program Files (x86)\\Microsoft Visual Studio\\2019\\Community\\VC\\'), ('VCToolsInstallDir', 'C:\\Program Files (x86)\\Microsoft Visual Studio\\2019\\Community\\VC\\Tools\\MSVC\\14.29.30133\\'), ('VCToolsRedistDir', 'C:\\Program Files (x86)\\Microsoft Visual Studio\\2019\\Community\\VC\\Redist\\MSVC\\14.29.30133\\'), ('VCToolsVersion', '14.29.30133'), ('VisualStudioVersion', '16.0'), ('VS160COMNTOOLS', 'C:\\Program Files (x86)\\Microsoft Visual Studio\\2019\\Community\\Common7\\Tools\\'), ('VSCMD_ARG_app_plat', 'Desktop'), ('VSCMD_ARG_HOST_ARCH', 'x86'), ('VSCMD_ARG_TGT_ARCH', 'x86'), ('VSCMD_VER', '16.11.34'), ('VSINSTALLDIR', 'C:\\Program Files (x86)\\Microsoft Visual Studio\\2019\\Community\\'), ('windir', 'C:\\WINDOWS'), ('WindowsLibPath', 'C:\\Program Files (x86)\\Windows Kits\\10\\UnionMetadata\\10.0.22000.0;C:\\Program Files (x86)\\Windows Kits\\10\\References\\10.0.22000.0'), ('WindowsSdkBinPath', 'C:\\Program Files (x86)\\Windows Kits\\10\\bin\\'), ('WindowsSdkDir', 'C:\\Program Files (x86)\\Windows Kits\\10\\'), ('WindowsSDKLibVersion', '10.0.22000.0\\'), ('WindowsSdkVerBinPath', 'C:\\Program Files (x86)\\Windows Kits\\10\\bin\\10.0.22000.0\\'), ('WindowsSDKVersion', '10.0.22000.0\\'), ('ZES_ENABLE_SYSMAN', '1'), ('__devinit_path', 'C:\\Program Files (x86)\\Microsoft Visual Studio\\2019\\Community\\Common7\\Tools\\devinit\\devinit.exe'), ('__DOTNET_ADD_32BIT', '1'), ('__DOTNET_PREFERRED_BITNESS', '32'), ('__VSCMD_PREINIT_PATH', 'C:\\Python38\\Scripts\\;C:\\Python38\\;C:\\Program Files\\AdoptOpenJDK\\jdk-11.0.10.9-hotspot\\bin;C:\\Program Files (x86)\\Common Files\\Oracle\\Java\\javapath;C:\\Windows\\system32;C:\\Windows;C:\\Windows\\System32\\Wbem;C:\\Windows\\System32\\WindowsPowerShell\\v1.0\\;C:\\Windows\\System32\\OpenSSH\\;C:\\Program Files (x86)\\NVIDIA Corporation\\PhysX\\Common;C:\\Program Files\\NVIDIA Corporation\\NVIDIA NvDLISR;C:\\Program Files\\PuTTY\\;C:\\WINDOWS\\system32;C:\\WINDOWS;C:\\WINDOWS\\System32\\Wbem;C:\\WINDOWS\\System32\\WindowsPowerShell\\v1.0\\;C:\\WINDOWS\\System32\\OpenSSH\\;C:\\Program Files\\dotnet\\;C:\\MinGW\\bin;C:\\Smalltalk Notes\\Smalltalk\\Smalltalk\\lib;C:\\Program Files\\Docker\\Docker\\resources\\bin;C:\\Users\\momo_\\AppData\\Local\\Programs\\Python\\Python39;C:\\ProgramData\\chocolatey\\bin;C:\\Program Files\\OpenSSL-Win64\\bin\\;C:\\opencv\\x64\\vc16\\bin;C:\\Program Files\\CMake\\bin;C:\\ProgramData\\chocolatey\\lib\\cunit\\lib;C:\\ProgramData\\chocolatey\\lib\\bullet\\lib;C:\\ProgramData\\chocolatey\\lib\\tinyxml2\\lib;C:\\xmllint\\bin;C:\\Program Files\\Graphviz\\bin;C:\\Qt\\Qt5.12.12\\5.12.12\\msvc2017_64\\bin;C:\\Program Files\\Cppcheck;C:\\Program Files\\Git\\cmd;C:\\Users\\momo_\\AppData\\Local\\Microsoft\\WindowsApps;C:\\Program Files\\JetBrains\\IntelliJ IDEA Educational Edition 2020.3.2\\bin;C:\\Users\\momo_\\AppData\\Local\\Programs\\Microsoft VS Code\\bin;C:\\Program Files\\JetBrains\\IntelliJ IDEA 2023.2.1\\bin'), ('__VSCMD_script_err_count', '0')]), 'shell': False}
[2.125000] (handler_pkg) StdoutLine: {'line': b'-- Selecting Windows SDK version 10.0.22000.0 to target Windows 10.0.22631.\n'}
[2.125000] (-) TimerEvent: {}
[2.141000] (sensor_pkg) StdoutLine: {'line': b'-- Selecting Windows SDK version 10.0.22000.0 to target Windows 10.0.22631.\n'}
[2.235000] (-) TimerEvent: {}
[2.344000] (-) TimerEvent: {}
[2.453000] (-) TimerEvent: {}
[2.563000] (-) TimerEvent: {}
[2.672000] (-) TimerEvent: {}
[2.781000] (-) TimerEvent: {}
[2.891000] (-) TimerEvent: {}
[3.000000] (-) TimerEvent: {}
[3.110000] (-) TimerEvent: {}
[3.219000] (-) TimerEvent: {}
[3.328000] (-) TimerEvent: {}
[3.438000] (-) TimerEvent: {}
[3.547000] (-) TimerEvent: {}
[3.610000] (handler_pkg) StdoutLine: {'line': b'-- The C compiler identification is MSVC 19.29.30154.0\n'}
[3.625000] (sensor_pkg) StdoutLine: {'line': b'-- The C compiler identification is MSVC 19.29.30154.0\n'}
[3.656000] (-) TimerEvent: {}
[3.766000] (-) TimerEvent: {}
[3.875000] (-) TimerEvent: {}
[3.985000] (-) TimerEvent: {}
[4.094000] (-) TimerEvent: {}
[4.203000] (-) TimerEvent: {}
[4.313000] (-) TimerEvent: {}
[4.422000] (-) TimerEvent: {}
[4.516000] (sensor_pkg) StdoutLine: {'line': b'-- The CXX compiler identification is MSVC 19.29.30154.0\n'}
[4.516000] (handler_pkg) StdoutLine: {'line': b'-- The CXX compiler identification is MSVC 19.29.30154.0\n'}
[4.531000] (-) TimerEvent: {}
[4.563000] (sensor_pkg) StdoutLine: {'line': b'-- Detecting C compiler ABI info\n'}
[4.563000] (handler_pkg) StdoutLine: {'line': b'-- Detecting C compiler ABI info\n'}
[4.641000] (-) TimerEvent: {}
[4.750000] (-) TimerEvent: {}
[4.860000] (-) TimerEvent: {}
[4.969000] (-) TimerEvent: {}
[5.078000] (-) TimerEvent: {}
[5.188000] (-) TimerEvent: {}
[5.297000] (-) TimerEvent: {}
[5.406000] (-) TimerEvent: {}
[5.469000] (sensor_pkg) StdoutLine: {'line': b'-- Detecting C compiler ABI info - done\n'}
[5.469000] (handler_pkg) StdoutLine: {'line': b'-- Detecting C compiler ABI info - done\n'}
[5.485000] (handler_pkg) StdoutLine: {'line': b'-- Check for working C compiler: C:/Program Files (x86)/Microsoft Visual Studio/2019/Community/VC/Tools/MSVC/14.29.30133/bin/Hostx64/x64/cl.exe - skipped\n'}
[5.485000] (handler_pkg) StdoutLine: {'line': b'-- Detecting C compile features\n'}
[5.485000] (handler_pkg) StdoutLine: {'line': b'-- Detecting C compile features - done\n'}
[5.485000] (sensor_pkg) StdoutLine: {'line': b'-- Check for working C compiler: C:/Program Files (x86)/Microsoft Visual Studio/2019/Community/VC/Tools/MSVC/14.29.30133/bin/Hostx64/x64/cl.exe - skipped\n'}
[5.485000] (sensor_pkg) StdoutLine: {'line': b'-- Detecting C compile features\n'}
[5.485000] (sensor_pkg) StdoutLine: {'line': b'-- Detecting C compile features - done\n'}
[5.500000] (handler_pkg) StdoutLine: {'line': b'-- Detecting CXX compiler ABI info\n'}
[5.500000] (sensor_pkg) StdoutLine: {'line': b'-- Detecting CXX compiler ABI info\n'}
[5.516000] (-) TimerEvent: {}
[5.625000] (-) TimerEvent: {}
[5.735000] (-) TimerEvent: {}
[5.844000] (-) TimerEvent: {}
[5.953000] (-) TimerEvent: {}
[6.063000] (-) TimerEvent: {}
[6.172000] (-) TimerEvent: {}
[6.281000] (-) TimerEvent: {}
[6.391000] (handler_pkg) StdoutLine: {'line': b'-- Detecting CXX compiler ABI info - done\n'}
[6.391000] (-) TimerEvent: {}
[6.391000] (sensor_pkg) StdoutLine: {'line': b'-- Detecting CXX compiler ABI info - done\n'}
[6.406000] (sensor_pkg) StdoutLine: {'line': b'-- Check for working CXX compiler: C:/Program Files (x86)/Microsoft Visual Studio/2019/Community/VC/Tools/MSVC/14.29.30133/bin/Hostx64/x64/cl.exe - skipped\n'}
[6.406000] (handler_pkg) StdoutLine: {'line': b'-- Check for working CXX compiler: C:/Program Files (x86)/Microsoft Visual Studio/2019/Community/VC/Tools/MSVC/14.29.30133/bin/Hostx64/x64/cl.exe - skipped\n'}
[6.406000] (sensor_pkg) StdoutLine: {'line': b'-- Detecting CXX compile features\n'}
[6.406000] (handler_pkg) StdoutLine: {'line': b'-- Detecting CXX compile features\n'}
[6.406000] (sensor_pkg) StdoutLine: {'line': b'-- Detecting CXX compile features - done\n'}
[6.406000] (handler_pkg) StdoutLine: {'line': b'-- Detecting CXX compile features - done\n'}
[6.438000] (handler_pkg) StdoutLine: {'line': b'-- Found ament_cmake: 1.3.8 (C:/dev/ros2-humble-20240222-windows-release-amd64/ros2-windows/share/ament_cmake/cmake)\n'}
[6.438000] (sensor_pkg) StdoutLine: {'line': b'-- Found ament_cmake: 1.3.8 (C:/dev/ros2-humble-20240222-windows-release-amd64/ros2-windows/share/ament_cmake/cmake)\n'}
[6.500000] (-) TimerEvent: {}
[6.610000] (-) TimerEvent: {}
[6.719000] (-) TimerEvent: {}
[6.828000] (-) TimerEvent: {}
[6.938000] (-) TimerEvent: {}
[7.047000] (-) TimerEvent: {}
[7.156000] (-) TimerEvent: {}
[7.266000] (-) TimerEvent: {}
[7.375000] (-) TimerEvent: {}
[7.485000] (-) TimerEvent: {}
[7.594000] (-) TimerEvent: {}
[7.703000] (-) TimerEvent: {}
[7.813000] (-) TimerEvent: {}
[7.922000] (-) TimerEvent: {}
[8.031000] (-) TimerEvent: {}
[8.141000] (-) TimerEvent: {}
[8.250000] (-) TimerEvent: {}
[8.360000] (-) TimerEvent: {}
[8.469000] (-) TimerEvent: {}
[8.578000] (-) TimerEvent: {}
[8.688000] (-) TimerEvent: {}
[8.797000] (-) TimerEvent: {}
[8.906000] (-) TimerEvent: {}
[9.016000] (-) TimerEvent: {}
[9.125000] (-) TimerEvent: {}
[9.235000] (-) TimerEvent: {}
[9.344000] (-) TimerEvent: {}
[9.453000] (-) TimerEvent: {}
[9.563000] (-) TimerEvent: {}
[9.672000] (-) TimerEvent: {}
[9.781000] (-) TimerEvent: {}
[9.891000] (-) TimerEvent: {}
[10.000000] (-) TimerEvent: {}
[10.110000] (-) TimerEvent: {}
[10.219000] (-) TimerEvent: {}
[10.328000] (-) TimerEvent: {}
[10.438000] (-) TimerEvent: {}
[10.547000] (-) TimerEvent: {}
[10.656000] (-) TimerEvent: {}
[10.766000] (-) TimerEvent: {}
[10.875000] (-) TimerEvent: {}
[10.985000] (-) TimerEvent: {}
[11.094000] (-) TimerEvent: {}
[11.203000] (-) TimerEvent: {}
[11.313000] (-) TimerEvent: {}
[11.422000] (-) TimerEvent: {}
[11.531000] (-) TimerEvent: {}
[11.641000] (-) TimerEvent: {}
[11.750000] (-) TimerEvent: {}
[11.860000] (-) TimerEvent: {}
[11.969000] (-) TimerEvent: {}
[12.078000] (-) TimerEvent: {}
[12.188000] (-) TimerEvent: {}
[12.297000] (-) TimerEvent: {}
[12.406000] (-) TimerEvent: {}
[12.516000] (-) TimerEvent: {}
[12.625000] (-) TimerEvent: {}
[12.735000] (-) TimerEvent: {}
[12.844000] (-) TimerEvent: {}
[12.953000] (-) TimerEvent: {}
[13.063000] (-) TimerEvent: {}
[13.172000] (-) TimerEvent: {}
[13.281000] (-) TimerEvent: {}
[13.391000] (-) TimerEvent: {}
[13.500000] (-) TimerEvent: {}
[13.610000] (-) TimerEvent: {}
[13.719000] (-) TimerEvent: {}
[13.828000] (-) TimerEvent: {}
[13.938000] (-) TimerEvent: {}
[14.047000] (-) TimerEvent: {}
[14.156000] (-) TimerEvent: {}
[14.266000] (-) TimerEvent: {}
[14.375000] (-) TimerEvent: {}
[14.485000] (-) TimerEvent: {}
[14.594000] (-) TimerEvent: {}
[14.688000] (handler_pkg) StdoutLine: {'line': b'-- Found Python3: C:/Python38/python.exe (found version "3.8.3") found components: Interpreter \n'}
[14.688000] (sensor_pkg) StdoutLine: {'line': b'-- Found Python3: C:/Python38/python.exe (found version "3.8.3") found components: Interpreter \n'}
[14.703000] (-) TimerEvent: {}
[14.813000] (-) TimerEvent: {}
[14.922000] (-) TimerEvent: {}
[15.031000] (-) TimerEvent: {}
[15.141000] (-) TimerEvent: {}
[15.250000] (-) TimerEvent: {}
[15.344000] (sensor_pkg) StdoutLine: {'line': b'-- Found ament_lint_auto: 0.12.10 (C:/dev/ros2-humble-20240222-windows-release-amd64/ros2-windows/share/ament_lint_auto/cmake)\n'}
[15.344000] (handler_pkg) StdoutLine: {'line': b'-- Found ament_lint_auto: 0.12.10 (C:/dev/ros2-humble-20240222-windows-release-amd64/ros2-windows/share/ament_lint_auto/cmake)\n'}
[15.360000] (-) TimerEvent: {}
[15.469000] (-) TimerEvent: {}
[15.578000] (-) TimerEvent: {}
[15.688000] (-) TimerEvent: {}
[15.750000] (handler_pkg) StdoutLine: {'line': b"-- Added test 'cppcheck' to perform static code analysis on C / C++ code\n"}
[15.750000] (sensor_pkg) StdoutLine: {'line': b"-- Added test 'cppcheck' to perform static code analysis on C / C++ code\n"}
[15.750000] (sensor_pkg) StdoutLine: {'line': b'-- Configured cppcheck include dirs: $<BUILD_INTERFACE:C:/COMP4900project/ros2_ws/src/sensor_pkg/include>\n'}
[15.750000] (handler_pkg) StdoutLine: {'line': b'-- Configured cppcheck include dirs: $<BUILD_INTERFACE:C:/COMP4900project/ros2_ws/src/handler_pkg/include>\n'}
[15.750000] (handler_pkg) StdoutLine: {'line': b'-- Configured cppcheck exclude dirs and/or files: \n'}
[15.750000] (sensor_pkg) StdoutLine: {'line': b'-- Configured cppcheck exclude dirs and/or files: \n'}
[15.766000] (sensor_pkg) StdoutLine: {'line': b"-- Added test 'lint_cmake' to check CMake code style\n"}
[15.766000] (handler_pkg) StdoutLine: {'line': b"-- Added test 'lint_cmake' to check CMake code style\n"}
[15.781000] (sensor_pkg) StdoutLine: {'line': b"-- Added test 'uncrustify' to check C / C++ code style\n"}
[15.781000] (handler_pkg) StdoutLine: {'line': b"-- Added test 'uncrustify' to check C / C++ code style\n"}
[15.781000] (sensor_pkg) StdoutLine: {'line': b'-- Configured uncrustify additional arguments: \n'}
[15.781000] (handler_pkg) StdoutLine: {'line': b'-- Configured uncrustify additional arguments: \n'}
[15.797000] (-) TimerEvent: {}
[15.797000] (handler_pkg) StdoutLine: {'line': b"-- Added test 'xmllint' to check XML markup files\n"}
[15.797000] (sensor_pkg) StdoutLine: {'line': b"-- Added test 'xmllint' to check XML markup files\n"}
[15.860000] (sensor_pkg) StdoutLine: {'line': b'-- Configuring done (13.7s)\n'}
[15.860000] (handler_pkg) StdoutLine: {'line': b'-- Configuring done (13.8s)\n'}
[15.906000] (-) TimerEvent: {}
[16.000000] (handler_pkg) StdoutLine: {'line': b'-- Generating done (0.1s)\n'}
[16.000000] (sensor_pkg) StdoutLine: {'line': b'-- Generating done (0.1s)\n'}
[16.016000] (-) TimerEvent: {}
[16.031000] (sensor_pkg) StdoutLine: {'line': b'-- Build files have been written to: C:/COMP4900project/ros2_ws/build/sensor_pkg\n'}
[16.031000] (handler_pkg) StdoutLine: {'line': b'-- Build files have been written to: C:/COMP4900project/ros2_ws/build/handler_pkg\n'}
[16.031000] (sensor_pkg) CommandEnded: {'returncode': 0}
[16.031000] (sensor_pkg) JobProgress: {'identifier': 'sensor_pkg', 'progress': 'build'}
[16.047000] (sensor_pkg) Command: {'cmd': ['C:\\Program Files\\CMake\\bin\\cmake.EXE', '--build', 'C:\\COMP4900project\\ros2_ws\\build\\sensor_pkg', '--config', 'Release'], 'cwd': 'C:\\COMP4900project\\ros2_ws\\build\\sensor_pkg', 'env': {'ALLUSERSPROFILE': 'C:\\ProgramData', 'AMENT_PREFIX_PATH': 'C:\\dev\\ros2-humble-20240222-windows-release-amd64\\ros2-windows;C:\\iron\\install', 'APPDATA': 'C:\\Users\\momo_\\AppData\\Roaming', 'ChocolateyInstall': 'C:\\ProgramData\\chocolatey', 'ChocolateyLastPathUpdate': '133547394452292409', 'CMAKE_PREFIX_PATH': 'C:\\dev\\ros2-humble-20240222-windows-release-amd64\\ros2-windows;C:\\iron\\install', 'COLCON': '1', 'COLCON_PREFIX_PATH': 'C:\\dev\\ros2-humble-20240222-windows-release-amd64\\ros2-windows\\;C:\\iron\\install\\', 'CommandPromptType': 'Native', 'CommonProgramFiles': 'C:\\Program Files\\Common Files', 'CommonProgramFiles(x86)': 'C:\\Program Files (x86)\\Common Files', 'CommonProgramW6432': 'C:\\Program Files\\Common Files', 'COMPUTERNAME': 'DESKTOP-Q9KLUM0', 'ComSpec': 'C:\\WINDOWS\\system32\\cmd.exe', 'DevEnvDir': 'C:\\Program Files (x86)\\Microsoft Visual Studio\\2019\\Community\\Common7\\IDE\\', 'DriverData': 'C:\\Windows\\System32\\Drivers\\DriverData', 'ExtensionSdkDir': 'C:\\Program Files (x86)\\Microsoft SDKs\\Windows Kits\\10\\ExtensionSDKs', 'Framework40Version': 'v4.0', 'FrameworkDir': 'C:\\Windows\\Microsoft.NET\\Framework\\', 'FrameworkDir32': 'C:\\Windows\\Microsoft.NET\\Framework\\', 'FrameworkVersion': 'v4.0.30319', 'FrameworkVersion32': 'v4.0.30319', 'HOMEDRIVE': 'C:', 'HOMEPATH': '\\Users\\momo_', 'INCLUDE': 'C:\\Program Files (x86)\\Microsoft Visual Studio\\2019\\Community\\VC\\Tools\\MSVC\\14.29.30133\\ATLMFC\\include;C:\\Program Files (x86)\\Microsoft Visual Studio\\2019\\Community\\VC\\Tools\\MSVC\\14.29.30133\\include;C:\\Program Files (x86)\\Windows Kits\\10\\include\\10.0.22000.0\\ucrt;C:\\Program Files (x86)\\Windows Kits\\10\\include\\10.0.22000.0\\shared;C:\\Program Files (x86)\\Windows Kits\\10\\include\\10.0.22000.0\\um;C:\\Program Files (x86)\\Windows Kits\\10\\include\\10.0.22000.0\\winrt;C:\\Program Files (x86)\\Windows Kits\\10\\include\\10.0.22000.0\\cppwinrt\nIntelliJ IDEA=C:\\Program Files\\JetBrains\\IntelliJ IDEA 2023.2.1\\bin;\nIntelliJ IDEA Educational Edition=C:\\Program Files\\JetBrains\\IntelliJ IDEA Educational Edition 2020.3.2\\bin;', 'JAVA_HOME': 'C:\\Program Files\\AdoptOpenJDK\\jdk-11.0.10.9-hotspot\\', 'KMP_BLOCKTIME': '0', 'LIB': 'C:\\Program Files (x86)\\Microsoft Visual Studio\\2019\\Community\\VC\\Tools\\MSVC\\14.29.30133\\ATLMFC\\lib\\x86;C:\\Program Files (x86)\\Microsoft Visual Studio\\2019\\Community\\VC\\Tools\\MSVC\\14.29.30133\\lib\\x86;C:\\Program Files (x86)\\Windows Kits\\10\\lib\\10.0.22000.0\\ucrt\\x86;C:\\Program Files (x86)\\Windows Kits\\10\\lib\\10.0.22000.0\\um\\x86', 'LIBPATH': 'C:\\Program Files (x86)\\Microsoft Visual Studio\\2019\\Community\\VC\\Tools\\MSVC\\14.29.30133\\ATLMFC\\lib\\x86;C:\\Program Files (x86)\\Microsoft Visual Studio\\2019\\Community\\VC\\Tools\\MSVC\\14.29.30133\\lib\\x86;C:\\Program Files (x86)\\Microsoft Visual Studio\\2019\\Community\\VC\\Tools\\MSVC\\14.29.30133\\lib\\x86\\store\\references;C:\\Program Files (x86)\\Windows Kits\\10\\UnionMetadata\\10.0.22000.0;C:\\Program Files (x86)\\Windows Kits\\10\\References\\10.0.22000.0;C:\\Windows\\Microsoft.NET\\Framework\\v4.0.30319', 'LOCALAPPDATA': 'C:\\Users\\momo_\\AppData\\Local', 'LOGONSERVER': '\\\\DESKTOP-Q9KLUM0', 'NUMBER_OF_PROCESSORS': '16', 'OMP_WAIT_POLICY': 'PASSIVE', 'OneDrive': 'C:\\Users\\momo_\\OneDrive - Carleton University', 'OneDriveCommercial': 'C:\\Users\\momo_\\OneDrive - Carleton University', 'OneDriveConsumer': 'C:\\Users\\momo_\\OneDrive', 'OpenCV_DIR': 'C:\\opencv', 'OPENSSL_CONF': 'C:\\Program Files\\OpenSSL-Win64\\bin\\openssl.cfg', 'OS': 'Windows_NT', 'Path': 'C:\\dev\\ros2-humble-20240222-windows-release-amd64\\ros2-windows\\opt\\yaml_cpp_vendor\\bin;C:\\dev\\ros2-humble-20240222-windows-release-amd64\\ros2-windows\\opt\\rviz_ogre_vendor\\bin;C:\\dev\\ros2-humble-20240222-windows-release-amd64\\ros2-windows\\opt\\rviz_assimp_vendor\\bin;C:\\dev\\ros2-humble-20240222-windows-release-amd64\\ros2-windows\\opt\\libcurl_vendor\\bin;C:\\dev\\ros2-humble-20240222-windows-release-amd64\\ros2-windows\\Scripts;C:\\dev\\ros2-humble-20240222-windows-release-amd64\\ros2-windows\\bin;C:\\iron\\install\\Scripts;C:\\iron\\install\\bin;C:\\Program Files (x86)\\Microsoft Visual Studio\\2019\\Community\\Common7\\IDE\\\\Extensions\\Microsoft\\IntelliCode\\CLI;C:\\Program Files (x86)\\Microsoft Visual Studio\\2019\\Community\\VC\\Tools\\MSVC\\14.29.30133\\bin\\HostX86\\x86;C:\\Program Files (x86)\\Microsoft Visual Studio\\2019\\Community\\Common7\\IDE\\VC\\VCPackages;C:\\Program Files (x86)\\Microsoft Visual Studio\\2019\\Community\\Common7\\IDE\\CommonExtensions\\Microsoft\\TestWindow;C:\\Program Files (x86)\\Microsoft Visual Studio\\2019\\Community\\Common7\\IDE\\CommonExtensions\\Microsoft\\TeamFoundation\\Team Explorer;C:\\Program Files (x86)\\Microsoft Visual Studio\\2019\\Community\\MSBuild\\Current\\bin\\Roslyn;C:\\Program Files (x86)\\Microsoft Visual Studio\\2019\\Community\\Team Tools\\Performance Tools;C:\\Program Files (x86)\\Microsoft Visual Studio\\Shared\\Common\\VSPerfCollectionTools\\vs2019\\;C:\\Program Files (x86)\\Microsoft Visual Studio\\2019\\Community\\Common7\\Tools\\devinit;C:\\Program Files (x86)\\Windows Kits\\10\\bin\\10.0.22000.0\\x86;C:\\Program Files (x86)\\Windows Kits\\10\\bin\\x86;C:\\Program Files (x86)\\Microsoft Visual Studio\\2019\\Community\\\\MSBuild\\Current\\Bin;C:\\Windows\\Microsoft.NET\\Framework\\v4.0.30319;C:\\Program Files (x86)\\Microsoft Visual Studio\\2019\\Community\\Common7\\IDE\\;C:\\Program Files (x86)\\Microsoft Visual Studio\\2019\\Community\\Common7\\Tools\\;C:\\Python38\\Scripts\\;C:\\Python38\\;C:\\Program Files\\AdoptOpenJDK\\jdk-11.0.10.9-hotspot\\bin;C:\\Program Files (x86)\\Common Files\\Oracle\\Java\\javapath;C:\\Windows\\system32;C:\\Windows;C:\\Windows\\System32\\Wbem;C:\\Windows\\System32\\WindowsPowerShell\\v1.0\\;C:\\Windows\\System32\\OpenSSH\\;C:\\Program Files (x86)\\NVIDIA Corporation\\PhysX\\Common;C:\\Program Files\\NVIDIA Corporation\\NVIDIA NvDLISR;C:\\Program Files\\PuTTY\\;C:\\WINDOWS\\system32;C:\\WINDOWS;C:\\WINDOWS\\System32\\Wbem;C:\\WINDOWS\\System32\\WindowsPowerShell\\v1.0\\;C:\\WINDOWS\\System32\\OpenSSH\\;C:\\Program Files\\dotnet\\;C:\\MinGW\\bin;C:\\Smalltalk Notes\\Smalltalk\\Smalltalk\\lib;C:\\Program Files\\Docker\\Docker\\resources\\bin;C:\\Users\\momo_\\AppData\\Local\\Programs\\Python\\Python39;C:\\ProgramData\\chocolatey\\bin;C:\\Program Files\\OpenSSL-Win64\\bin\\;C:\\opencv\\x64\\vc16\\bin;C:\\Program Files\\CMake\\bin;C:\\ProgramData\\chocolatey\\lib\\cunit\\lib;C:\\ProgramData\\chocolatey\\lib\\bullet\\lib;C:\\ProgramData\\chocolatey\\lib\\tinyxml2\\lib;C:\\xmllint\\bin;C:\\Program Files\\Graphviz\\bin;C:\\Qt\\Qt5.12.12\\5.12.12\\msvc2017_64\\bin;C:\\Program Files\\Cppcheck;C:\\Program Files\\Git\\cmd;C:\\Users\\momo_\\AppData\\Local\\Microsoft\\WindowsApps;C:\\Program Files\\JetBrains\\IntelliJ IDEA Educational Edition 2020.3.2\\bin;C:\\Users\\momo_\\AppData\\Local\\Programs\\Microsoft VS Code\\bin;C:\\Program Files\\JetBrains\\IntelliJ IDEA 2023.2.1\\bin', 'PATHEXT': '.COM;.EXE;.BAT;.CMD;.VBS;.VBE;.JS;.JSE;.WSF;.WSH;.MSC;.PY;.PYW', 'PKG_CONFIG_PATH': 'C:\\dev\\ros2-humble-20240222-windows-release-amd64\\ros2-windows\\lib\\pkgconfig;C:\\iron\\install\\lib\\pkgconfig', 'Platform': 'x86', 'PROCESSOR_ARCHITECTURE': 'AMD64', 'PROCESSOR_IDENTIFIER': 'Intel64 Family 6 Model 165 Stepping 2, GenuineIntel', 'PROCESSOR_LEVEL': '6', 'PROCESSOR_REVISION': 'a502', 'ProgramData': 'C:\\ProgramData', 'ProgramFiles': 'C:\\Program Files', 'ProgramFiles(x86)': 'C:\\Program Files (x86)', 'ProgramW6432': 'C:\\Program Files', 'PROMPT': '$P$G', 'PSModulePath': 'C:\\Program Files\\WindowsPowerShell\\Modules;C:\\WINDOWS\\system32\\WindowsPowerShell\\v1.0\\Modules', 'PUBLIC': 'C:\\Users\\Public', 'PYTHONPATH': 'C:\\ci\\ws\\install\\lib\\python3.8\\dist-packages;C:\\dev\\ros2-humble-20240222-windows-release-amd64\\ros2-windows\\Lib\\site-packages;C:\\iron\\install\\Lib\\site-packages', 'Qt5_DIR': 'C:\\Qt\\Qt5.12.12\\5.12.12\\msvc2017_64', 'QT_QPA_PLATFORM_PLUGIN_PATH': 'C:\\Qt\\Qt5.12.12\\5.12.12\\msvc2017_64\\plugins\\platforms', 'ROS_AUTOMATIC_DISCOVERY_RANGE': 'SUBNET', 'ROS_DISTRO': 'humble', 'ROS_DOMAIN_ID': '27', 'ROS_LOCALHOST_ONLY': '0', 'ROS_PYTHON_VERSION': '3', 'ROS_VERSION': '2', 'Sqlite': 'C:\\Users\\momo_\\OneDrive\\Documents\\Winter 2022\\COMP 3005\\sqlite', 'SystemDrive': 'C:', 'SystemRoot': 'C:\\WINDOWS', 'TEMP': 'C:\\Users\\momo_\\AppData\\Local\\Temp', 'TMP': 'C:\\Users\\momo_\\AppData\\Local\\Temp', 'UCRTVersion': '10.0.22000.0', 'UniversalCRTSdkDir': 'C:\\Program Files (x86)\\Windows Kits\\10\\', 'USERDOMAIN': 'DESKTOP-Q9KLUM0', 'USERDOMAIN_ROAMINGPROFILE': 'DESKTOP-Q9KLUM0', 'USERNAME': 'momo_', 'USERPROFILE': 'C:\\Users\\momo_', 'VCIDEInstallDir': 'C:\\Program Files (x86)\\Microsoft Visual Studio\\2019\\Community\\Common7\\IDE\\VC\\', 'VCINSTALLDIR': 'C:\\Program Files (x86)\\Microsoft Visual Studio\\2019\\Community\\VC\\', 'VCToolsInstallDir': 'C:\\Program Files (x86)\\Microsoft Visual Studio\\2019\\Community\\VC\\Tools\\MSVC\\14.29.30133\\', 'VCToolsRedistDir': 'C:\\Program Files (x86)\\Microsoft Visual Studio\\2019\\Community\\VC\\Redist\\MSVC\\14.29.30133\\', 'VCToolsVersion': '14.29.30133', 'VisualStudioVersion': '16.0', 'VS160COMNTOOLS': 'C:\\Program Files (x86)\\Microsoft Visual Studio\\2019\\Community\\Common7\\Tools\\', 'VSCMD_ARG_app_plat': 'Desktop', 'VSCMD_ARG_HOST_ARCH': 'x86', 'VSCMD_ARG_TGT_ARCH': 'x86', 'VSCMD_VER': '16.11.34', 'VSINSTALLDIR': 'C:\\Program Files (x86)\\Microsoft Visual Studio\\2019\\Community\\', 'windir': 'C:\\WINDOWS', 'WindowsLibPath': 'C:\\Program Files (x86)\\Windows Kits\\10\\UnionMetadata\\10.0.22000.0;C:\\Program Files (x86)\\Windows Kits\\10\\References\\10.0.22000.0', 'WindowsSdkBinPath': 'C:\\Program Files (x86)\\Windows Kits\\10\\bin\\', 'WindowsSdkDir': 'C:\\Program Files (x86)\\Windows Kits\\10\\', 'WindowsSDKLibVersion': '10.0.22000.0\\', 'WindowsSdkVerBinPath': 'C:\\Program Files (x86)\\Windows Kits\\10\\bin\\10.0.22000.0\\', 'WindowsSDKVersion': '10.0.22000.0\\', 'ZES_ENABLE_SYSMAN': '1', '__devinit_path': 'C:\\Program Files (x86)\\Microsoft Visual Studio\\2019\\Community\\Common7\\Tools\\devinit\\devinit.exe', '__DOTNET_ADD_32BIT': '1', '__DOTNET_PREFERRED_BITNESS': '32', '__VSCMD_PREINIT_PATH': 'C:\\Python38\\Scripts\\;C:\\Python38\\;C:\\Program Files\\AdoptOpenJDK\\jdk-11.0.10.9-hotspot\\bin;C:\\Program Files (x86)\\Common Files\\Oracle\\Java\\javapath;C:\\Windows\\system32;C:\\Windows;C:\\Windows\\System32\\Wbem;C:\\Windows\\System32\\WindowsPowerShell\\v1.0\\;C:\\Windows\\System32\\OpenSSH\\;C:\\Program Files (x86)\\NVIDIA Corporation\\PhysX\\Common;C:\\Program Files\\NVIDIA Corporation\\NVIDIA NvDLISR;C:\\Program Files\\PuTTY\\;C:\\WINDOWS\\system32;C:\\WINDOWS;C:\\WINDOWS\\System32\\Wbem;C:\\WINDOWS\\System32\\WindowsPowerShell\\v1.0\\;C:\\WINDOWS\\System32\\OpenSSH\\;C:\\Program Files\\dotnet\\;C:\\MinGW\\bin;C:\\Smalltalk Notes\\Smalltalk\\Smalltalk\\lib;C:\\Program Files\\Docker\\Docker\\resources\\bin;C:\\Users\\momo_\\AppData\\Local\\Programs\\Python\\Python39;C:\\ProgramData\\chocolatey\\bin;C:\\Program Files\\OpenSSL-Win64\\bin\\;C:\\opencv\\x64\\vc16\\bin;C:\\Program Files\\CMake\\bin;C:\\ProgramData\\chocolatey\\lib\\cunit\\lib;C:\\ProgramData\\chocolatey\\lib\\bullet\\lib;C:\\ProgramData\\chocolatey\\lib\\tinyxml2\\lib;C:\\xmllint\\bin;C:\\Program Files\\Graphviz\\bin;C:\\Qt\\Qt5.12.12\\5.12.12\\msvc2017_64\\bin;C:\\Program Files\\Cppcheck;C:\\Program Files\\Git\\cmd;C:\\Users\\momo_\\AppData\\Local\\Microsoft\\WindowsApps;C:\\Program Files\\JetBrains\\IntelliJ IDEA Educational Edition 2020.3.2\\bin;C:\\Users\\momo_\\AppData\\Local\\Programs\\Microsoft VS Code\\bin;C:\\Program Files\\JetBrains\\IntelliJ IDEA 2023.2.1\\bin', '__VSCMD_script_err_count': '0', 'CL': '/MP'}, 'shell': False}
[16.047000] (handler_pkg) CommandEnded: {'returncode': 0}
[16.047000] (handler_pkg) JobProgress: {'identifier': 'handler_pkg', 'progress': 'build'}
[16.047000] (handler_pkg) Command: {'cmd': ['C:\\Program Files\\CMake\\bin\\cmake.EXE', '--build', 'C:\\COMP4900project\\ros2_ws\\build\\handler_pkg', '--config', 'Release'], 'cwd': 'C:\\COMP4900project\\ros2_ws\\build\\handler_pkg', 'env': {'ALLUSERSPROFILE': 'C:\\ProgramData', 'AMENT_PREFIX_PATH': 'C:\\dev\\ros2-humble-20240222-windows-release-amd64\\ros2-windows;C:\\iron\\install', 'APPDATA': 'C:\\Users\\momo_\\AppData\\Roaming', 'ChocolateyInstall': 'C:\\ProgramData\\chocolatey', 'ChocolateyLastPathUpdate': '133547394452292409', 'CMAKE_PREFIX_PATH': 'C:\\dev\\ros2-humble-20240222-windows-release-amd64\\ros2-windows;C:\\iron\\install', 'COLCON': '1', 'COLCON_PREFIX_PATH': 'C:\\dev\\ros2-humble-20240222-windows-release-amd64\\ros2-windows\\;C:\\iron\\install\\', 'CommandPromptType': 'Native', 'CommonProgramFiles': 'C:\\Program Files\\Common Files', 'CommonProgramFiles(x86)': 'C:\\Program Files (x86)\\Common Files', 'CommonProgramW6432': 'C:\\Program Files\\Common Files', 'COMPUTERNAME': 'DESKTOP-Q9KLUM0', 'ComSpec': 'C:\\WINDOWS\\system32\\cmd.exe', 'DevEnvDir': 'C:\\Program Files (x86)\\Microsoft Visual Studio\\2019\\Community\\Common7\\IDE\\', 'DriverData': 'C:\\Windows\\System32\\Drivers\\DriverData', 'ExtensionSdkDir': 'C:\\Program Files (x86)\\Microsoft SDKs\\Windows Kits\\10\\ExtensionSDKs', 'Framework40Version': 'v4.0', 'FrameworkDir': 'C:\\Windows\\Microsoft.NET\\Framework\\', 'FrameworkDir32': 'C:\\Windows\\Microsoft.NET\\Framework\\', 'FrameworkVersion': 'v4.0.30319', 'FrameworkVersion32': 'v4.0.30319', 'HOMEDRIVE': 'C:', 'HOMEPATH': '\\Users\\momo_', 'INCLUDE': 'C:\\Program Files (x86)\\Microsoft Visual Studio\\2019\\Community\\VC\\Tools\\MSVC\\14.29.30133\\ATLMFC\\include;C:\\Program Files (x86)\\Microsoft Visual Studio\\2019\\Community\\VC\\Tools\\MSVC\\14.29.30133\\include;C:\\Program Files (x86)\\Windows Kits\\10\\include\\10.0.22000.0\\ucrt;C:\\Program Files (x86)\\Windows Kits\\10\\include\\10.0.22000.0\\shared;C:\\Program Files (x86)\\Windows Kits\\10\\include\\10.0.22000.0\\um;C:\\Program Files (x86)\\Windows Kits\\10\\include\\10.0.22000.0\\winrt;C:\\Program Files (x86)\\Windows Kits\\10\\include\\10.0.22000.0\\cppwinrt\nIntelliJ IDEA=C:\\Program Files\\JetBrains\\IntelliJ IDEA 2023.2.1\\bin;\nIntelliJ IDEA Educational Edition=C:\\Program Files\\JetBrains\\IntelliJ IDEA Educational Edition 2020.3.2\\bin;', 'JAVA_HOME': 'C:\\Program Files\\AdoptOpenJDK\\jdk-11.0.10.9-hotspot\\', 'KMP_BLOCKTIME': '0', 'LIB': 'C:\\Program Files (x86)\\Microsoft Visual Studio\\2019\\Community\\VC\\Tools\\MSVC\\14.29.30133\\ATLMFC\\lib\\x86;C:\\Program Files (x86)\\Microsoft Visual Studio\\2019\\Community\\VC\\Tools\\MSVC\\14.29.30133\\lib\\x86;C:\\Program Files (x86)\\Windows Kits\\10\\lib\\10.0.22000.0\\ucrt\\x86;C:\\Program Files (x86)\\Windows Kits\\10\\lib\\10.0.22000.0\\um\\x86', 'LIBPATH': 'C:\\Program Files (x86)\\Microsoft Visual Studio\\2019\\Community\\VC\\Tools\\MSVC\\14.29.30133\\ATLMFC\\lib\\x86;C:\\Program Files (x86)\\Microsoft Visual Studio\\2019\\Community\\VC\\Tools\\MSVC\\14.29.30133\\lib\\x86;C:\\Program Files (x86)\\Microsoft Visual Studio\\2019\\Community\\VC\\Tools\\MSVC\\14.29.30133\\lib\\x86\\store\\references;C:\\Program Files (x86)\\Windows Kits\\10\\UnionMetadata\\10.0.22000.0;C:\\Program Files (x86)\\Windows Kits\\10\\References\\10.0.22000.0;C:\\Windows\\Microsoft.NET\\Framework\\v4.0.30319', 'LOCALAPPDATA': 'C:\\Users\\momo_\\AppData\\Local', 'LOGONSERVER': '\\\\DESKTOP-Q9KLUM0', 'NUMBER_OF_PROCESSORS': '16', 'OMP_WAIT_POLICY': 'PASSIVE', 'OneDrive': 'C:\\Users\\momo_\\OneDrive - Carleton University', 'OneDriveCommercial': 'C:\\Users\\momo_\\OneDrive - Carleton University', 'OneDriveConsumer': 'C:\\Users\\momo_\\OneDrive', 'OpenCV_DIR': 'C:\\opencv', 'OPENSSL_CONF': 'C:\\Program Files\\OpenSSL-Win64\\bin\\openssl.cfg', 'OS': 'Windows_NT', 'Path': 'C:\\dev\\ros2-humble-20240222-windows-release-amd64\\ros2-windows\\opt\\yaml_cpp_vendor\\bin;C:\\dev\\ros2-humble-20240222-windows-release-amd64\\ros2-windows\\opt\\rviz_ogre_vendor\\bin;C:\\dev\\ros2-humble-20240222-windows-release-amd64\\ros2-windows\\opt\\rviz_assimp_vendor\\bin;C:\\dev\\ros2-humble-20240222-windows-release-amd64\\ros2-windows\\opt\\libcurl_vendor\\bin;C:\\dev\\ros2-humble-20240222-windows-release-amd64\\ros2-windows\\Scripts;C:\\dev\\ros2-humble-20240222-windows-release-amd64\\ros2-windows\\bin;C:\\iron\\install\\Scripts;C:\\iron\\install\\bin;C:\\Program Files (x86)\\Microsoft Visual Studio\\2019\\Community\\Common7\\IDE\\\\Extensions\\Microsoft\\IntelliCode\\CLI;C:\\Program Files (x86)\\Microsoft Visual Studio\\2019\\Community\\VC\\Tools\\MSVC\\14.29.30133\\bin\\HostX86\\x86;C:\\Program Files (x86)\\Microsoft Visual Studio\\2019\\Community\\Common7\\IDE\\VC\\VCPackages;C:\\Program Files (x86)\\Microsoft Visual Studio\\2019\\Community\\Common7\\IDE\\CommonExtensions\\Microsoft\\TestWindow;C:\\Program Files (x86)\\Microsoft Visual Studio\\2019\\Community\\Common7\\IDE\\CommonExtensions\\Microsoft\\TeamFoundation\\Team Explorer;C:\\Program Files (x86)\\Microsoft Visual Studio\\2019\\Community\\MSBuild\\Current\\bin\\Roslyn;C:\\Program Files (x86)\\Microsoft Visual Studio\\2019\\Community\\Team Tools\\Performance Tools;C:\\Program Files (x86)\\Microsoft Visual Studio\\Shared\\Common\\VSPerfCollectionTools\\vs2019\\;C:\\Program Files (x86)\\Microsoft Visual Studio\\2019\\Community\\Common7\\Tools\\devinit;C:\\Program Files (x86)\\Windows Kits\\10\\bin\\10.0.22000.0\\x86;C:\\Program Files (x86)\\Windows Kits\\10\\bin\\x86;C:\\Program Files (x86)\\Microsoft Visual Studio\\2019\\Community\\\\MSBuild\\Current\\Bin;C:\\Windows\\Microsoft.NET\\Framework\\v4.0.30319;C:\\Program Files (x86)\\Microsoft Visual Studio\\2019\\Community\\Common7\\IDE\\;C:\\Program Files (x86)\\Microsoft Visual Studio\\2019\\Community\\Common7\\Tools\\;C:\\Python38\\Scripts\\;C:\\Python38\\;C:\\Program Files\\AdoptOpenJDK\\jdk-11.0.10.9-hotspot\\bin;C:\\Program Files (x86)\\Common Files\\Oracle\\Java\\javapath;C:\\Windows\\system32;C:\\Windows;C:\\Windows\\System32\\Wbem;C:\\Windows\\System32\\WindowsPowerShell\\v1.0\\;C:\\Windows\\System32\\OpenSSH\\;C:\\Program Files (x86)\\NVIDIA Corporation\\PhysX\\Common;C:\\Program Files\\NVIDIA Corporation\\NVIDIA NvDLISR;C:\\Program Files\\PuTTY\\;C:\\WINDOWS\\system32;C:\\WINDOWS;C:\\WINDOWS\\System32\\Wbem;C:\\WINDOWS\\System32\\WindowsPowerShell\\v1.0\\;C:\\WINDOWS\\System32\\OpenSSH\\;C:\\Program Files\\dotnet\\;C:\\MinGW\\bin;C:\\Smalltalk Notes\\Smalltalk\\Smalltalk\\lib;C:\\Program Files\\Docker\\Docker\\resources\\bin;C:\\Users\\momo_\\AppData\\Local\\Programs\\Python\\Python39;C:\\ProgramData\\chocolatey\\bin;C:\\Program Files\\OpenSSL-Win64\\bin\\;C:\\opencv\\x64\\vc16\\bin;C:\\Program Files\\CMake\\bin;C:\\ProgramData\\chocolatey\\lib\\cunit\\lib;C:\\ProgramData\\chocolatey\\lib\\bullet\\lib;C:\\ProgramData\\chocolatey\\lib\\tinyxml2\\lib;C:\\xmllint\\bin;C:\\Program Files\\Graphviz\\bin;C:\\Qt\\Qt5.12.12\\5.12.12\\msvc2017_64\\bin;C:\\Program Files\\Cppcheck;C:\\Program Files\\Git\\cmd;C:\\Users\\momo_\\AppData\\Local\\Microsoft\\WindowsApps;C:\\Program Files\\JetBrains\\IntelliJ IDEA Educational Edition 2020.3.2\\bin;C:\\Users\\momo_\\AppData\\Local\\Programs\\Microsoft VS Code\\bin;C:\\Program Files\\JetBrains\\IntelliJ IDEA 2023.2.1\\bin', 'PATHEXT': '.COM;.EXE;.BAT;.CMD;.VBS;.VBE;.JS;.JSE;.WSF;.WSH;.MSC;.PY;.PYW', 'PKG_CONFIG_PATH': 'C:\\dev\\ros2-humble-20240222-windows-release-amd64\\ros2-windows\\lib\\pkgconfig;C:\\iron\\install\\lib\\pkgconfig', 'Platform': 'x86', 'PROCESSOR_ARCHITECTURE': 'AMD64', 'PROCESSOR_IDENTIFIER': 'Intel64 Family 6 Model 165 Stepping 2, GenuineIntel', 'PROCESSOR_LEVEL': '6', 'PROCESSOR_REVISION': 'a502', 'ProgramData': 'C:\\ProgramData', 'ProgramFiles': 'C:\\Program Files', 'ProgramFiles(x86)': 'C:\\Program Files (x86)', 'ProgramW6432': 'C:\\Program Files', 'PROMPT': '$P$G', 'PSModulePath': 'C:\\Program Files\\WindowsPowerShell\\Modules;C:\\WINDOWS\\system32\\WindowsPowerShell\\v1.0\\Modules', 'PUBLIC': 'C:\\Users\\Public', 'PYTHONPATH': 'C:\\ci\\ws\\install\\lib\\python3.8\\dist-packages;C:\\dev\\ros2-humble-20240222-windows-release-amd64\\ros2-windows\\Lib\\site-packages;C:\\iron\\install\\Lib\\site-packages', 'Qt5_DIR': 'C:\\Qt\\Qt5.12.12\\5.12.12\\msvc2017_64', 'QT_QPA_PLATFORM_PLUGIN_PATH': 'C:\\Qt\\Qt5.12.12\\5.12.12\\msvc2017_64\\plugins\\platforms', 'ROS_AUTOMATIC_DISCOVERY_RANGE': 'SUBNET', 'ROS_DISTRO': 'humble', 'ROS_DOMAIN_ID': '27', 'ROS_LOCALHOST_ONLY': '0', 'ROS_PYTHON_VERSION': '3', 'ROS_VERSION': '2', 'Sqlite': 'C:\\Users\\momo_\\OneDrive\\Documents\\Winter 2022\\COMP 3005\\sqlite', 'SystemDrive': 'C:', 'SystemRoot': 'C:\\WINDOWS', 'TEMP': 'C:\\Users\\momo_\\AppData\\Local\\Temp', 'TMP': 'C:\\Users\\momo_\\AppData\\Local\\Temp', 'UCRTVersion': '10.0.22000.0', 'UniversalCRTSdkDir': 'C:\\Program Files (x86)\\Windows Kits\\10\\', 'USERDOMAIN': 'DESKTOP-Q9KLUM0', 'USERDOMAIN_ROAMINGPROFILE': 'DESKTOP-Q9KLUM0', 'USERNAME': 'momo_', 'USERPROFILE': 'C:\\Users\\momo_', 'VCIDEInstallDir': 'C:\\Program Files (x86)\\Microsoft Visual Studio\\2019\\Community\\Common7\\IDE\\VC\\', 'VCINSTALLDIR': 'C:\\Program Files (x86)\\Microsoft Visual Studio\\2019\\Community\\VC\\', 'VCToolsInstallDir': 'C:\\Program Files (x86)\\Microsoft Visual Studio\\2019\\Community\\VC\\Tools\\MSVC\\14.29.30133\\', 'VCToolsRedistDir': 'C:\\Program Files (x86)\\Microsoft Visual Studio\\2019\\Community\\VC\\Redist\\MSVC\\14.29.30133\\', 'VCToolsVersion': '14.29.30133', 'VisualStudioVersion': '16.0', 'VS160COMNTOOLS': 'C:\\Program Files (x86)\\Microsoft Visual Studio\\2019\\Community\\Common7\\Tools\\', 'VSCMD_ARG_app_plat': 'Desktop', 'VSCMD_ARG_HOST_ARCH': 'x86', 'VSCMD_ARG_TGT_ARCH': 'x86', 'VSCMD_VER': '16.11.34', 'VSINSTALLDIR': 'C:\\Program Files (x86)\\Microsoft Visual Studio\\2019\\Community\\', 'windir': 'C:\\WINDOWS', 'WindowsLibPath': 'C:\\Program Files (x86)\\Windows Kits\\10\\UnionMetadata\\10.0.22000.0;C:\\Program Files (x86)\\Windows Kits\\10\\References\\10.0.22000.0', 'WindowsSdkBinPath': 'C:\\Program Files (x86)\\Windows Kits\\10\\bin\\', 'WindowsSdkDir': 'C:\\Program Files (x86)\\Windows Kits\\10\\', 'WindowsSDKLibVersion': '10.0.22000.0\\', 'WindowsSdkVerBinPath': 'C:\\Program Files (x86)\\Windows Kits\\10\\bin\\10.0.22000.0\\', 'WindowsSDKVersion': '10.0.22000.0\\', 'ZES_ENABLE_SYSMAN': '1', '__devinit_path': 'C:\\Program Files (x86)\\Microsoft Visual Studio\\2019\\Community\\Common7\\Tools\\devinit\\devinit.exe', '__DOTNET_ADD_32BIT': '1', '__DOTNET_PREFERRED_BITNESS': '32', '__VSCMD_PREINIT_PATH': 'C:\\Python38\\Scripts\\;C:\\Python38\\;C:\\Program Files\\AdoptOpenJDK\\jdk-11.0.10.9-hotspot\\bin;C:\\Program Files (x86)\\Common Files\\Oracle\\Java\\javapath;C:\\Windows\\system32;C:\\Windows;C:\\Windows\\System32\\Wbem;C:\\Windows\\System32\\WindowsPowerShell\\v1.0\\;C:\\Windows\\System32\\OpenSSH\\;C:\\Program Files (x86)\\NVIDIA Corporation\\PhysX\\Common;C:\\Program Files\\NVIDIA Corporation\\NVIDIA NvDLISR;C:\\Program Files\\PuTTY\\;C:\\WINDOWS\\system32;C:\\WINDOWS;C:\\WINDOWS\\System32\\Wbem;C:\\WINDOWS\\System32\\WindowsPowerShell\\v1.0\\;C:\\WINDOWS\\System32\\OpenSSH\\;C:\\Program Files\\dotnet\\;C:\\MinGW\\bin;C:\\Smalltalk Notes\\Smalltalk\\Smalltalk\\lib;C:\\Program Files\\Docker\\Docker\\resources\\bin;C:\\Users\\momo_\\AppData\\Local\\Programs\\Python\\Python39;C:\\ProgramData\\chocolatey\\bin;C:\\Program Files\\OpenSSL-Win64\\bin\\;C:\\opencv\\x64\\vc16\\bin;C:\\Program Files\\CMake\\bin;C:\\ProgramData\\chocolatey\\lib\\cunit\\lib;C:\\ProgramData\\chocolatey\\lib\\bullet\\lib;C:\\ProgramData\\chocolatey\\lib\\tinyxml2\\lib;C:\\xmllint\\bin;C:\\Program Files\\Graphviz\\bin;C:\\Qt\\Qt5.12.12\\5.12.12\\msvc2017_64\\bin;C:\\Program Files\\Cppcheck;C:\\Program Files\\Git\\cmd;C:\\Users\\momo_\\AppData\\Local\\Microsoft\\WindowsApps;C:\\Program Files\\JetBrains\\IntelliJ IDEA Educational Edition 2020.3.2\\bin;C:\\Users\\momo_\\AppData\\Local\\Programs\\Microsoft VS Code\\bin;C:\\Program Files\\JetBrains\\IntelliJ IDEA 2023.2.1\\bin', '__VSCMD_script_err_count': '0', 'CL': '/MP'}, 'shell': False}
[16.125000] (-) TimerEvent: {}
[16.203000] (sensor_pkg) StdoutLine: {'line': b'Microsoft (R) Build Engine version 16.11.2+f32259642 for .NET Framework\r\n'}
[16.203000] (sensor_pkg) StdoutLine: {'line': b'Copyright (C) Microsoft Corporation. All rights reserved.\r\n'}
[16.203000] (sensor_pkg) StdoutLine: {'line': b'\r\n'}
[16.203000] (handler_pkg) StdoutLine: {'line': b'Microsoft (R) Build Engine version 16.11.2+f32259642 for .NET Framework\r\n'}
[16.203000] (handler_pkg) StdoutLine: {'line': b'Copyright (C) Microsoft Corporation. All rights reserved.\r\n'}
[16.203000] (handler_pkg) StdoutLine: {'line': b'\r\n'}
[16.235000] (-) TimerEvent: {}
[16.344000] (-) TimerEvent: {}
[16.453000] (-) TimerEvent: {}
[16.563000] (-) TimerEvent: {}
[16.594000] (handler_pkg) StdoutLine: {'line': b'  1>Checking Build System\r\n'}
[16.594000] (sensor_pkg) StdoutLine: {'line': b'  1>Checking Build System\r\n'}
[16.672000] (-) TimerEvent: {}
[16.781000] (-) TimerEvent: {}
[16.781000] (sensor_pkg) StdoutLine: {'line': b'  Building Custom Rule C:/COMP4900project/ros2_ws/src/sensor_pkg/CMakeLists.txt\r\n'}
[16.781000] (handler_pkg) StdoutLine: {'line': b'  Building Custom Rule C:/COMP4900project/ros2_ws/src/handler_pkg/CMakeLists.txt\r\n'}
[16.891000] (-) TimerEvent: {}
[16.969000] (sensor_pkg) StdoutLine: {'line': b'  sensor.cpp\r\n'}
[16.969000] (handler_pkg) StdoutLine: {'line': b'  handler.cpp\r\n'}
[17.000000] (-) TimerEvent: {}
[17.110000] (-) TimerEvent: {}
[17.219000] (-) TimerEvent: {}
[17.235000] (sensor_pkg) StdoutLine: {'line': b'  sensor.vcxproj -> C:\\COMP4900project\\ros2_ws\\build\\sensor_pkg\\Release\\sensor.exe\r\n'}
[17.235000] (handler_pkg) StdoutLine: {'line': b'  handler.vcxproj -> C:\\COMP4900project\\ros2_ws\\build\\handler_pkg\\Release\\handler.exe\r\n'}
[17.297000] (sensor_pkg) StdoutLine: {'line': b'  Building Custom Rule C:/COMP4900project/ros2_ws/src/sensor_pkg/CMakeLists.txt\r\n'}
[17.297000] (handler_pkg) StdoutLine: {'line': b'  Building Custom Rule C:/COMP4900project/ros2_ws/src/handler_pkg/CMakeLists.txt\r\n'}
[17.328000] (-) TimerEvent: {}
[17.391000] (handler_pkg) CommandEnded: {'returncode': 0}
[17.391000] (handler_pkg) JobProgress: {'identifier': 'handler_pkg', 'progress': 'install'}
[17.422000] (handler_pkg) Command: {'cmd': ['C:\\Program Files\\CMake\\bin\\cmake.EXE', '--install', 'C:\\COMP4900project\\ros2_ws\\build\\handler_pkg', '--config', 'Release'], 'cwd': 'C:\\COMP4900project\\ros2_ws\\build\\handler_pkg', 'env': OrderedDict([('ALLUSERSPROFILE', 'C:\\ProgramData'), ('AMENT_PREFIX_PATH', 'C:\\dev\\ros2-humble-20240222-windows-release-amd64\\ros2-windows;C:\\iron\\install'), ('APPDATA', 'C:\\Users\\momo_\\AppData\\Roaming'), ('ChocolateyInstall', 'C:\\ProgramData\\chocolatey'), ('ChocolateyLastPathUpdate', '133547394452292409'), ('CMAKE_PREFIX_PATH', 'C:\\dev\\ros2-humble-20240222-windows-release-amd64\\ros2-windows;C:\\iron\\install'), ('COLCON', '1'), ('COLCON_PREFIX_PATH', 'C:\\dev\\ros2-humble-20240222-windows-release-amd64\\ros2-windows\\;C:\\iron\\install\\'), ('CommandPromptType', 'Native'), ('CommonProgramFiles', 'C:\\Program Files\\Common Files'), ('CommonProgramFiles(x86)', 'C:\\Program Files (x86)\\Common Files'), ('CommonProgramW6432', 'C:\\Program Files\\Common Files'), ('COMPUTERNAME', 'DESKTOP-Q9KLUM0'), ('ComSpec', 'C:\\WINDOWS\\system32\\cmd.exe'), ('DevEnvDir', 'C:\\Program Files (x86)\\Microsoft Visual Studio\\2019\\Community\\Common7\\IDE\\'), ('DriverData', 'C:\\Windows\\System32\\Drivers\\DriverData'), ('ExtensionSdkDir', 'C:\\Program Files (x86)\\Microsoft SDKs\\Windows Kits\\10\\ExtensionSDKs'), ('Framework40Version', 'v4.0'), ('FrameworkDir', 'C:\\Windows\\Microsoft.NET\\Framework\\'), ('FrameworkDir32', 'C:\\Windows\\Microsoft.NET\\Framework\\'), ('FrameworkVersion', 'v4.0.30319'), ('FrameworkVersion32', 'v4.0.30319'), ('HOMEDRIVE', 'C:'), ('HOMEPATH', '\\Users\\momo_'), ('INCLUDE', 'C:\\Program Files (x86)\\Microsoft Visual Studio\\2019\\Community\\VC\\Tools\\MSVC\\14.29.30133\\ATLMFC\\include;C:\\Program Files (x86)\\Microsoft Visual Studio\\2019\\Community\\VC\\Tools\\MSVC\\14.29.30133\\include;C:\\Program Files (x86)\\Windows Kits\\10\\include\\10.0.22000.0\\ucrt;C:\\Program Files (x86)\\Windows Kits\\10\\include\\10.0.22000.0\\shared;C:\\Program Files (x86)\\Windows Kits\\10\\include\\10.0.22000.0\\um;C:\\Program Files (x86)\\Windows Kits\\10\\include\\10.0.22000.0\\winrt;C:\\Program Files (x86)\\Windows Kits\\10\\include\\10.0.22000.0\\cppwinrt\nIntelliJ IDEA=C:\\Program Files\\JetBrains\\IntelliJ IDEA 2023.2.1\\bin;\nIntelliJ IDEA Educational Edition=C:\\Program Files\\JetBrains\\IntelliJ IDEA Educational Edition 2020.3.2\\bin;'), ('JAVA_HOME', 'C:\\Program Files\\AdoptOpenJDK\\jdk-11.0.10.9-hotspot\\'), ('KMP_BLOCKTIME', '0'), ('LIB', 'C:\\Program Files (x86)\\Microsoft Visual Studio\\2019\\Community\\VC\\Tools\\MSVC\\14.29.30133\\ATLMFC\\lib\\x86;C:\\Program Files (x86)\\Microsoft Visual Studio\\2019\\Community\\VC\\Tools\\MSVC\\14.29.30133\\lib\\x86;C:\\Program Files (x86)\\Windows Kits\\10\\lib\\10.0.22000.0\\ucrt\\x86;C:\\Program Files (x86)\\Windows Kits\\10\\lib\\10.0.22000.0\\um\\x86'), ('LIBPATH', 'C:\\Program Files (x86)\\Microsoft Visual Studio\\2019\\Community\\VC\\Tools\\MSVC\\14.29.30133\\ATLMFC\\lib\\x86;C:\\Program Files (x86)\\Microsoft Visual Studio\\2019\\Community\\VC\\Tools\\MSVC\\14.29.30133\\lib\\x86;C:\\Program Files (x86)\\Microsoft Visual Studio\\2019\\Community\\VC\\Tools\\MSVC\\14.29.30133\\lib\\x86\\store\\references;C:\\Program Files (x86)\\Windows Kits\\10\\UnionMetadata\\10.0.22000.0;C:\\Program Files (x86)\\Windows Kits\\10\\References\\10.0.22000.0;C:\\Windows\\Microsoft.NET\\Framework\\v4.0.30319'), ('LOCALAPPDATA', 'C:\\Users\\momo_\\AppData\\Local'), ('LOGONSERVER', '\\\\DESKTOP-Q9KLUM0'), ('NUMBER_OF_PROCESSORS', '16'), ('OMP_WAIT_POLICY', 'PASSIVE'), ('OneDrive', 'C:\\Users\\momo_\\OneDrive - Carleton University'), ('OneDriveCommercial', 'C:\\Users\\momo_\\OneDrive - Carleton University'), ('OneDriveConsumer', 'C:\\Users\\momo_\\OneDrive'), ('OpenCV_DIR', 'C:\\opencv'), ('OPENSSL_CONF', 'C:\\Program Files\\OpenSSL-Win64\\bin\\openssl.cfg'), ('OS', 'Windows_NT'), ('Path', 'C:\\dev\\ros2-humble-20240222-windows-release-amd64\\ros2-windows\\opt\\yaml_cpp_vendor\\bin;C:\\dev\\ros2-humble-20240222-windows-release-amd64\\ros2-windows\\opt\\rviz_ogre_vendor\\bin;C:\\dev\\ros2-humble-20240222-windows-release-amd64\\ros2-windows\\opt\\rviz_assimp_vendor\\bin;C:\\dev\\ros2-humble-20240222-windows-release-amd64\\ros2-windows\\opt\\libcurl_vendor\\bin;C:\\dev\\ros2-humble-20240222-windows-release-amd64\\ros2-windows\\Scripts;C:\\dev\\ros2-humble-20240222-windows-release-amd64\\ros2-windows\\bin;C:\\iron\\install\\Scripts;C:\\iron\\install\\bin;C:\\Program Files (x86)\\Microsoft Visual Studio\\2019\\Community\\Common7\\IDE\\\\Extensions\\Microsoft\\IntelliCode\\CLI;C:\\Program Files (x86)\\Microsoft Visual Studio\\2019\\Community\\VC\\Tools\\MSVC\\14.29.30133\\bin\\HostX86\\x86;C:\\Program Files (x86)\\Microsoft Visual Studio\\2019\\Community\\Common7\\IDE\\VC\\VCPackages;C:\\Program Files (x86)\\Microsoft Visual Studio\\2019\\Community\\Common7\\IDE\\CommonExtensions\\Microsoft\\TestWindow;C:\\Program Files (x86)\\Microsoft Visual Studio\\2019\\Community\\Common7\\IDE\\CommonExtensions\\Microsoft\\TeamFoundation\\Team Explorer;C:\\Program Files (x86)\\Microsoft Visual Studio\\2019\\Community\\MSBuild\\Current\\bin\\Roslyn;C:\\Program Files (x86)\\Microsoft Visual Studio\\2019\\Community\\Team Tools\\Performance Tools;C:\\Program Files (x86)\\Microsoft Visual Studio\\Shared\\Common\\VSPerfCollectionTools\\vs2019\\;C:\\Program Files (x86)\\Microsoft Visual Studio\\2019\\Community\\Common7\\Tools\\devinit;C:\\Program Files (x86)\\Windows Kits\\10\\bin\\10.0.22000.0\\x86;C:\\Program Files (x86)\\Windows Kits\\10\\bin\\x86;C:\\Program Files (x86)\\Microsoft Visual Studio\\2019\\Community\\\\MSBuild\\Current\\Bin;C:\\Windows\\Microsoft.NET\\Framework\\v4.0.30319;C:\\Program Files (x86)\\Microsoft Visual Studio\\2019\\Community\\Common7\\IDE\\;C:\\Program Files (x86)\\Microsoft Visual Studio\\2019\\Community\\Common7\\Tools\\;C:\\Python38\\Scripts\\;C:\\Python38\\;C:\\Program Files\\AdoptOpenJDK\\jdk-11.0.10.9-hotspot\\bin;C:\\Program Files (x86)\\Common Files\\Oracle\\Java\\javapath;C:\\Windows\\system32;C:\\Windows;C:\\Windows\\System32\\Wbem;C:\\Windows\\System32\\WindowsPowerShell\\v1.0\\;C:\\Windows\\System32\\OpenSSH\\;C:\\Program Files (x86)\\NVIDIA Corporation\\PhysX\\Common;C:\\Program Files\\NVIDIA Corporation\\NVIDIA NvDLISR;C:\\Program Files\\PuTTY\\;C:\\WINDOWS\\system32;C:\\WINDOWS;C:\\WINDOWS\\System32\\Wbem;C:\\WINDOWS\\System32\\WindowsPowerShell\\v1.0\\;C:\\WINDOWS\\System32\\OpenSSH\\;C:\\Program Files\\dotnet\\;C:\\MinGW\\bin;C:\\Smalltalk Notes\\Smalltalk\\Smalltalk\\lib;C:\\Program Files\\Docker\\Docker\\resources\\bin;C:\\Users\\momo_\\AppData\\Local\\Programs\\Python\\Python39;C:\\ProgramData\\chocolatey\\bin;C:\\Program Files\\OpenSSL-Win64\\bin\\;C:\\opencv\\x64\\vc16\\bin;C:\\Program Files\\CMake\\bin;C:\\ProgramData\\chocolatey\\lib\\cunit\\lib;C:\\ProgramData\\chocolatey\\lib\\bullet\\lib;C:\\ProgramData\\chocolatey\\lib\\tinyxml2\\lib;C:\\xmllint\\bin;C:\\Program Files\\Graphviz\\bin;C:\\Qt\\Qt5.12.12\\5.12.12\\msvc2017_64\\bin;C:\\Program Files\\Cppcheck;C:\\Program Files\\Git\\cmd;C:\\Users\\momo_\\AppData\\Local\\Microsoft\\WindowsApps;C:\\Program Files\\JetBrains\\IntelliJ IDEA Educational Edition 2020.3.2\\bin;C:\\Users\\momo_\\AppData\\Local\\Programs\\Microsoft VS Code\\bin;C:\\Program Files\\JetBrains\\IntelliJ IDEA 2023.2.1\\bin'), ('PATHEXT', '.COM;.EXE;.BAT;.CMD;.VBS;.VBE;.JS;.JSE;.WSF;.WSH;.MSC;.PY;.PYW'), ('PKG_CONFIG_PATH', 'C:\\dev\\ros2-humble-20240222-windows-release-amd64\\ros2-windows\\lib\\pkgconfig;C:\\iron\\install\\lib\\pkgconfig'), ('Platform', 'x86'), ('PROCESSOR_ARCHITECTURE', 'AMD64'), ('PROCESSOR_IDENTIFIER', 'Intel64 Family 6 Model 165 Stepping 2, GenuineIntel'), ('PROCESSOR_LEVEL', '6'), ('PROCESSOR_REVISION', 'a502'), ('ProgramData', 'C:\\ProgramData'), ('ProgramFiles', 'C:\\Program Files'), ('ProgramFiles(x86)', 'C:\\Program Files (x86)'), ('ProgramW6432', 'C:\\Program Files'), ('PROMPT', '$P$G'), ('PSModulePath', 'C:\\Program Files\\WindowsPowerShell\\Modules;C:\\WINDOWS\\system32\\WindowsPowerShell\\v1.0\\Modules'), ('PUBLIC', 'C:\\Users\\Public'), ('PYTHONPATH', 'C:\\ci\\ws\\install\\lib\\python3.8\\dist-packages;C:\\dev\\ros2-humble-20240222-windows-release-amd64\\ros2-windows\\Lib\\site-packages;C:\\iron\\install\\Lib\\site-packages'), ('Qt5_DIR', 'C:\\Qt\\Qt5.12.12\\5.12.12\\msvc2017_64'), ('QT_QPA_PLATFORM_PLUGIN_PATH', 'C:\\Qt\\Qt5.12.12\\5.12.12\\msvc2017_64\\plugins\\platforms'), ('ROS_AUTOMATIC_DISCOVERY_RANGE', 'SUBNET'), ('ROS_DISTRO', 'humble'), ('ROS_DOMAIN_ID', '27'), ('ROS_LOCALHOST_ONLY', '0'), ('ROS_PYTHON_VERSION', '3'), ('ROS_VERSION', '2'), ('Sqlite', 'C:\\Users\\momo_\\OneDrive\\Documents\\Winter 2022\\COMP 3005\\sqlite'), ('SystemDrive', 'C:'), ('SystemRoot', 'C:\\WINDOWS'), ('TEMP', 'C:\\Users\\momo_\\AppData\\Local\\Temp'), ('TMP', 'C:\\Users\\momo_\\AppData\\Local\\Temp'), ('UCRTVersion', '10.0.22000.0'), ('UniversalCRTSdkDir', 'C:\\Program Files (x86)\\Windows Kits\\10\\'), ('USERDOMAIN', 'DESKTOP-Q9KLUM0'), ('USERDOMAIN_ROAMINGPROFILE', 'DESKTOP-Q9KLUM0'), ('USERNAME', 'momo_'), ('USERPROFILE', 'C:\\Users\\momo_'), ('VCIDEInstallDir', 'C:\\Program Files (x86)\\Microsoft Visual Studio\\2019\\Community\\Common7\\IDE\\VC\\'), ('VCINSTALLDIR', 'C:\\Program Files (x86)\\Microsoft Visual Studio\\2019\\Community\\VC\\'), ('VCToolsInstallDir', 'C:\\Program Files (x86)\\Microsoft Visual Studio\\2019\\Community\\VC\\Tools\\MSVC\\14.29.30133\\'), ('VCToolsRedistDir', 'C:\\Program Files (x86)\\Microsoft Visual Studio\\2019\\Community\\VC\\Redist\\MSVC\\14.29.30133\\'), ('VCToolsVersion', '14.29.30133'), ('VisualStudioVersion', '16.0'), ('VS160COMNTOOLS', 'C:\\Program Files (x86)\\Microsoft Visual Studio\\2019\\Community\\Common7\\Tools\\'), ('VSCMD_ARG_app_plat', 'Desktop'), ('VSCMD_ARG_HOST_ARCH', 'x86'), ('VSCMD_ARG_TGT_ARCH', 'x86'), ('VSCMD_VER', '16.11.34'), ('VSINSTALLDIR', 'C:\\Program Files (x86)\\Microsoft Visual Studio\\2019\\Community\\'), ('windir', 'C:\\WINDOWS'), ('WindowsLibPath', 'C:\\Program Files (x86)\\Windows Kits\\10\\UnionMetadata\\10.0.22000.0;C:\\Program Files (x86)\\Windows Kits\\10\\References\\10.0.22000.0'), ('WindowsSdkBinPath', 'C:\\Program Files (x86)\\Windows Kits\\10\\bin\\'), ('WindowsSdkDir', 'C:\\Program Files (x86)\\Windows Kits\\10\\'), ('WindowsSDKLibVersion', '10.0.22000.0\\'), ('WindowsSdkVerBinPath', 'C:\\Program Files (x86)\\Windows Kits\\10\\bin\\10.0.22000.0\\'), ('WindowsSDKVersion', '10.0.22000.0\\'), ('ZES_ENABLE_SYSMAN', '1'), ('__devinit_path', 'C:\\Program Files (x86)\\Microsoft Visual Studio\\2019\\Community\\Common7\\Tools\\devinit\\devinit.exe'), ('__DOTNET_ADD_32BIT', '1'), ('__DOTNET_PREFERRED_BITNESS', '32'), ('__VSCMD_PREINIT_PATH', 'C:\\Python38\\Scripts\\;C:\\Python38\\;C:\\Program Files\\AdoptOpenJDK\\jdk-11.0.10.9-hotspot\\bin;C:\\Program Files (x86)\\Common Files\\Oracle\\Java\\javapath;C:\\Windows\\system32;C:\\Windows;C:\\Windows\\System32\\Wbem;C:\\Windows\\System32\\WindowsPowerShell\\v1.0\\;C:\\Windows\\System32\\OpenSSH\\;C:\\Program Files (x86)\\NVIDIA Corporation\\PhysX\\Common;C:\\Program Files\\NVIDIA Corporation\\NVIDIA NvDLISR;C:\\Program Files\\PuTTY\\;C:\\WINDOWS\\system32;C:\\WINDOWS;C:\\WINDOWS\\System32\\Wbem;C:\\WINDOWS\\System32\\WindowsPowerShell\\v1.0\\;C:\\WINDOWS\\System32\\OpenSSH\\;C:\\Program Files\\dotnet\\;C:\\MinGW\\bin;C:\\Smalltalk Notes\\Smalltalk\\Smalltalk\\lib;C:\\Program Files\\Docker\\Docker\\resources\\bin;C:\\Users\\momo_\\AppData\\Local\\Programs\\Python\\Python39;C:\\ProgramData\\chocolatey\\bin;C:\\Program Files\\OpenSSL-Win64\\bin\\;C:\\opencv\\x64\\vc16\\bin;C:\\Program Files\\CMake\\bin;C:\\ProgramData\\chocolatey\\lib\\cunit\\lib;C:\\ProgramData\\chocolatey\\lib\\bullet\\lib;C:\\ProgramData\\chocolatey\\lib\\tinyxml2\\lib;C:\\xmllint\\bin;C:\\Program Files\\Graphviz\\bin;C:\\Qt\\Qt5.12.12\\5.12.12\\msvc2017_64\\bin;C:\\Program Files\\Cppcheck;C:\\Program Files\\Git\\cmd;C:\\Users\\momo_\\AppData\\Local\\Microsoft\\WindowsApps;C:\\Program Files\\JetBrains\\IntelliJ IDEA Educational Edition 2020.3.2\\bin;C:\\Users\\momo_\\AppData\\Local\\Programs\\Microsoft VS Code\\bin;C:\\Program Files\\JetBrains\\IntelliJ IDEA 2023.2.1\\bin'), ('__VSCMD_script_err_count', '0')]), 'shell': False}
[17.422000] (sensor_pkg) CommandEnded: {'returncode': 0}
[17.438000] (-) TimerEvent: {}
[17.438000] (sensor_pkg) JobProgress: {'identifier': 'sensor_pkg', 'progress': 'install'}
[17.438000] (sensor_pkg) Command: {'cmd': ['C:\\Program Files\\CMake\\bin\\cmake.EXE', '--install', 'C:\\COMP4900project\\ros2_ws\\build\\sensor_pkg', '--config', 'Release'], 'cwd': 'C:\\COMP4900project\\ros2_ws\\build\\sensor_pkg', 'env': OrderedDict([('ALLUSERSPROFILE', 'C:\\ProgramData'), ('AMENT_PREFIX_PATH', 'C:\\dev\\ros2-humble-20240222-windows-release-amd64\\ros2-windows;C:\\iron\\install'), ('APPDATA', 'C:\\Users\\momo_\\AppData\\Roaming'), ('ChocolateyInstall', 'C:\\ProgramData\\chocolatey'), ('ChocolateyLastPathUpdate', '133547394452292409'), ('CMAKE_PREFIX_PATH', 'C:\\dev\\ros2-humble-20240222-windows-release-amd64\\ros2-windows;C:\\iron\\install'), ('COLCON', '1'), ('COLCON_PREFIX_PATH', 'C:\\dev\\ros2-humble-20240222-windows-release-amd64\\ros2-windows\\;C:\\iron\\install\\'), ('CommandPromptType', 'Native'), ('CommonProgramFiles', 'C:\\Program Files\\Common Files'), ('CommonProgramFiles(x86)', 'C:\\Program Files (x86)\\Common Files'), ('CommonProgramW6432', 'C:\\Program Files\\Common Files'), ('COMPUTERNAME', 'DESKTOP-Q9KLUM0'), ('ComSpec', 'C:\\WINDOWS\\system32\\cmd.exe'), ('DevEnvDir', 'C:\\Program Files (x86)\\Microsoft Visual Studio\\2019\\Community\\Common7\\IDE\\'), ('DriverData', 'C:\\Windows\\System32\\Drivers\\DriverData'), ('ExtensionSdkDir', 'C:\\Program Files (x86)\\Microsoft SDKs\\Windows Kits\\10\\ExtensionSDKs'), ('Framework40Version', 'v4.0'), ('FrameworkDir', 'C:\\Windows\\Microsoft.NET\\Framework\\'), ('FrameworkDir32', 'C:\\Windows\\Microsoft.NET\\Framework\\'), ('FrameworkVersion', 'v4.0.30319'), ('FrameworkVersion32', 'v4.0.30319'), ('HOMEDRIVE', 'C:'), ('HOMEPATH', '\\Users\\momo_'), ('INCLUDE', 'C:\\Program Files (x86)\\Microsoft Visual Studio\\2019\\Community\\VC\\Tools\\MSVC\\14.29.30133\\ATLMFC\\include;C:\\Program Files (x86)\\Microsoft Visual Studio\\2019\\Community\\VC\\Tools\\MSVC\\14.29.30133\\include;C:\\Program Files (x86)\\Windows Kits\\10\\include\\10.0.22000.0\\ucrt;C:\\Program Files (x86)\\Windows Kits\\10\\include\\10.0.22000.0\\shared;C:\\Program Files (x86)\\Windows Kits\\10\\include\\10.0.22000.0\\um;C:\\Program Files (x86)\\Windows Kits\\10\\include\\10.0.22000.0\\winrt;C:\\Program Files (x86)\\Windows Kits\\10\\include\\10.0.22000.0\\cppwinrt\nIntelliJ IDEA=C:\\Program Files\\JetBrains\\IntelliJ IDEA 2023.2.1\\bin;\nIntelliJ IDEA Educational Edition=C:\\Program Files\\JetBrains\\IntelliJ IDEA Educational Edition 2020.3.2\\bin;'), ('JAVA_HOME', 'C:\\Program Files\\AdoptOpenJDK\\jdk-11.0.10.9-hotspot\\'), ('KMP_BLOCKTIME', '0'), ('LIB', 'C:\\Program Files (x86)\\Microsoft Visual Studio\\2019\\Community\\VC\\Tools\\MSVC\\14.29.30133\\ATLMFC\\lib\\x86;C:\\Program Files (x86)\\Microsoft Visual Studio\\2019\\Community\\VC\\Tools\\MSVC\\14.29.30133\\lib\\x86;C:\\Program Files (x86)\\Windows Kits\\10\\lib\\10.0.22000.0\\ucrt\\x86;C:\\Program Files (x86)\\Windows Kits\\10\\lib\\10.0.22000.0\\um\\x86'), ('LIBPATH', 'C:\\Program Files (x86)\\Microsoft Visual Studio\\2019\\Community\\VC\\Tools\\MSVC\\14.29.30133\\ATLMFC\\lib\\x86;C:\\Program Files (x86)\\Microsoft Visual Studio\\2019\\Community\\VC\\Tools\\MSVC\\14.29.30133\\lib\\x86;C:\\Program Files (x86)\\Microsoft Visual Studio\\2019\\Community\\VC\\Tools\\MSVC\\14.29.30133\\lib\\x86\\store\\references;C:\\Program Files (x86)\\Windows Kits\\10\\UnionMetadata\\10.0.22000.0;C:\\Program Files (x86)\\Windows Kits\\10\\References\\10.0.22000.0;C:\\Windows\\Microsoft.NET\\Framework\\v4.0.30319'), ('LOCALAPPDATA', 'C:\\Users\\momo_\\AppData\\Local'), ('LOGONSERVER', '\\\\DESKTOP-Q9KLUM0'), ('NUMBER_OF_PROCESSORS', '16'), ('OMP_WAIT_POLICY', 'PASSIVE'), ('OneDrive', 'C:\\Users\\momo_\\OneDrive - Carleton University'), ('OneDriveCommercial', 'C:\\Users\\momo_\\OneDrive - Carleton University'), ('OneDriveConsumer', 'C:\\Users\\momo_\\OneDrive'), ('OpenCV_DIR', 'C:\\opencv'), ('OPENSSL_CONF', 'C:\\Program Files\\OpenSSL-Win64\\bin\\openssl.cfg'), ('OS', 'Windows_NT'), ('Path', 'C:\\dev\\ros2-humble-20240222-windows-release-amd64\\ros2-windows\\opt\\yaml_cpp_vendor\\bin;C:\\dev\\ros2-humble-20240222-windows-release-amd64\\ros2-windows\\opt\\rviz_ogre_vendor\\bin;C:\\dev\\ros2-humble-20240222-windows-release-amd64\\ros2-windows\\opt\\rviz_assimp_vendor\\bin;C:\\dev\\ros2-humble-20240222-windows-release-amd64\\ros2-windows\\opt\\libcurl_vendor\\bin;C:\\dev\\ros2-humble-20240222-windows-release-amd64\\ros2-windows\\Scripts;C:\\dev\\ros2-humble-20240222-windows-release-amd64\\ros2-windows\\bin;C:\\iron\\install\\Scripts;C:\\iron\\install\\bin;C:\\Program Files (x86)\\Microsoft Visual Studio\\2019\\Community\\Common7\\IDE\\\\Extensions\\Microsoft\\IntelliCode\\CLI;C:\\Program Files (x86)\\Microsoft Visual Studio\\2019\\Community\\VC\\Tools\\MSVC\\14.29.30133\\bin\\HostX86\\x86;C:\\Program Files (x86)\\Microsoft Visual Studio\\2019\\Community\\Common7\\IDE\\VC\\VCPackages;C:\\Program Files (x86)\\Microsoft Visual Studio\\2019\\Community\\Common7\\IDE\\CommonExtensions\\Microsoft\\TestWindow;C:\\Program Files (x86)\\Microsoft Visual Studio\\2019\\Community\\Common7\\IDE\\CommonExtensions\\Microsoft\\TeamFoundation\\Team Explorer;C:\\Program Files (x86)\\Microsoft Visual Studio\\2019\\Community\\MSBuild\\Current\\bin\\Roslyn;C:\\Program Files (x86)\\Microsoft Visual Studio\\2019\\Community\\Team Tools\\Performance Tools;C:\\Program Files (x86)\\Microsoft Visual Studio\\Shared\\Common\\VSPerfCollectionTools\\vs2019\\;C:\\Program Files (x86)\\Microsoft Visual Studio\\2019\\Community\\Common7\\Tools\\devinit;C:\\Program Files (x86)\\Windows Kits\\10\\bin\\10.0.22000.0\\x86;C:\\Program Files (x86)\\Windows Kits\\10\\bin\\x86;C:\\Program Files (x86)\\Microsoft Visual Studio\\2019\\Community\\\\MSBuild\\Current\\Bin;C:\\Windows\\Microsoft.NET\\Framework\\v4.0.30319;C:\\Program Files (x86)\\Microsoft Visual Studio\\2019\\Community\\Common7\\IDE\\;C:\\Program Files (x86)\\Microsoft Visual Studio\\2019\\Community\\Common7\\Tools\\;C:\\Python38\\Scripts\\;C:\\Python38\\;C:\\Program Files\\AdoptOpenJDK\\jdk-11.0.10.9-hotspot\\bin;C:\\Program Files (x86)\\Common Files\\Oracle\\Java\\javapath;C:\\Windows\\system32;C:\\Windows;C:\\Windows\\System32\\Wbem;C:\\Windows\\System32\\WindowsPowerShell\\v1.0\\;C:\\Windows\\System32\\OpenSSH\\;C:\\Program Files (x86)\\NVIDIA Corporation\\PhysX\\Common;C:\\Program Files\\NVIDIA Corporation\\NVIDIA NvDLISR;C:\\Program Files\\PuTTY\\;C:\\WINDOWS\\system32;C:\\WINDOWS;C:\\WINDOWS\\System32\\Wbem;C:\\WINDOWS\\System32\\WindowsPowerShell\\v1.0\\;C:\\WINDOWS\\System32\\OpenSSH\\;C:\\Program Files\\dotnet\\;C:\\MinGW\\bin;C:\\Smalltalk Notes\\Smalltalk\\Smalltalk\\lib;C:\\Program Files\\Docker\\Docker\\resources\\bin;C:\\Users\\momo_\\AppData\\Local\\Programs\\Python\\Python39;C:\\ProgramData\\chocolatey\\bin;C:\\Program Files\\OpenSSL-Win64\\bin\\;C:\\opencv\\x64\\vc16\\bin;C:\\Program Files\\CMake\\bin;C:\\ProgramData\\chocolatey\\lib\\cunit\\lib;C:\\ProgramData\\chocolatey\\lib\\bullet\\lib;C:\\ProgramData\\chocolatey\\lib\\tinyxml2\\lib;C:\\xmllint\\bin;C:\\Program Files\\Graphviz\\bin;C:\\Qt\\Qt5.12.12\\5.12.12\\msvc2017_64\\bin;C:\\Program Files\\Cppcheck;C:\\Program Files\\Git\\cmd;C:\\Users\\momo_\\AppData\\Local\\Microsoft\\WindowsApps;C:\\Program Files\\JetBrains\\IntelliJ IDEA Educational Edition 2020.3.2\\bin;C:\\Users\\momo_\\AppData\\Local\\Programs\\Microsoft VS Code\\bin;C:\\Program Files\\JetBrains\\IntelliJ IDEA 2023.2.1\\bin'), ('PATHEXT', '.COM;.EXE;.BAT;.CMD;.VBS;.VBE;.JS;.JSE;.WSF;.WSH;.MSC;.PY;.PYW'), ('PKG_CONFIG_PATH', 'C:\\dev\\ros2-humble-20240222-windows-release-amd64\\ros2-windows\\lib\\pkgconfig;C:\\iron\\install\\lib\\pkgconfig'), ('Platform', 'x86'), ('PROCESSOR_ARCHITECTURE', 'AMD64'), ('PROCESSOR_IDENTIFIER', 'Intel64 Family 6 Model 165 Stepping 2, GenuineIntel'), ('PROCESSOR_LEVEL', '6'), ('PROCESSOR_REVISION', 'a502'), ('ProgramData', 'C:\\ProgramData'), ('ProgramFiles', 'C:\\Program Files'), ('ProgramFiles(x86)', 'C:\\Program Files (x86)'), ('ProgramW6432', 'C:\\Program Files'), ('PROMPT', '$P$G'), ('PSModulePath', 'C:\\Program Files\\WindowsPowerShell\\Modules;C:\\WINDOWS\\system32\\WindowsPowerShell\\v1.0\\Modules'), ('PUBLIC', 'C:\\Users\\Public'), ('PYTHONPATH', 'C:\\ci\\ws\\install\\lib\\python3.8\\dist-packages;C:\\dev\\ros2-humble-20240222-windows-release-amd64\\ros2-windows\\Lib\\site-packages;C:\\iron\\install\\Lib\\site-packages'), ('Qt5_DIR', 'C:\\Qt\\Qt5.12.12\\5.12.12\\msvc2017_64'), ('QT_QPA_PLATFORM_PLUGIN_PATH', 'C:\\Qt\\Qt5.12.12\\5.12.12\\msvc2017_64\\plugins\\platforms'), ('ROS_AUTOMATIC_DISCOVERY_RANGE', 'SUBNET'), ('ROS_DISTRO', 'humble'), ('ROS_DOMAIN_ID', '27'), ('ROS_LOCALHOST_ONLY', '0'), ('ROS_PYTHON_VERSION', '3'), ('ROS_VERSION', '2'), ('Sqlite', 'C:\\Users\\momo_\\OneDrive\\Documents\\Winter 2022\\COMP 3005\\sqlite'), ('SystemDrive', 'C:'), ('SystemRoot', 'C:\\WINDOWS'), ('TEMP', 'C:\\Users\\momo_\\AppData\\Local\\Temp'), ('TMP', 'C:\\Users\\momo_\\AppData\\Local\\Temp'), ('UCRTVersion', '10.0.22000.0'), ('UniversalCRTSdkDir', 'C:\\Program Files (x86)\\Windows Kits\\10\\'), ('USERDOMAIN', 'DESKTOP-Q9KLUM0'), ('USERDOMAIN_ROAMINGPROFILE', 'DESKTOP-Q9KLUM0'), ('USERNAME', 'momo_'), ('USERPROFILE', 'C:\\Users\\momo_'), ('VCIDEInstallDir', 'C:\\Program Files (x86)\\Microsoft Visual Studio\\2019\\Community\\Common7\\IDE\\VC\\'), ('VCINSTALLDIR', 'C:\\Program Files (x86)\\Microsoft Visual Studio\\2019\\Community\\VC\\'), ('VCToolsInstallDir', 'C:\\Program Files (x86)\\Microsoft Visual Studio\\2019\\Community\\VC\\Tools\\MSVC\\14.29.30133\\'), ('VCToolsRedistDir', 'C:\\Program Files (x86)\\Microsoft Visual Studio\\2019\\Community\\VC\\Redist\\MSVC\\14.29.30133\\'), ('VCToolsVersion', '14.29.30133'), ('VisualStudioVersion', '16.0'), ('VS160COMNTOOLS', 'C:\\Program Files (x86)\\Microsoft Visual Studio\\2019\\Community\\Common7\\Tools\\'), ('VSCMD_ARG_app_plat', 'Desktop'), ('VSCMD_ARG_HOST_ARCH', 'x86'), ('VSCMD_ARG_TGT_ARCH', 'x86'), ('VSCMD_VER', '16.11.34'), ('VSINSTALLDIR', 'C:\\Program Files (x86)\\Microsoft Visual Studio\\2019\\Community\\'), ('windir', 'C:\\WINDOWS'), ('WindowsLibPath', 'C:\\Program Files (x86)\\Windows Kits\\10\\UnionMetadata\\10.0.22000.0;C:\\Program Files (x86)\\Windows Kits\\10\\References\\10.0.22000.0'), ('WindowsSdkBinPath', 'C:\\Program Files (x86)\\Windows Kits\\10\\bin\\'), ('WindowsSdkDir', 'C:\\Program Files (x86)\\Windows Kits\\10\\'), ('WindowsSDKLibVersion', '10.0.22000.0\\'), ('WindowsSdkVerBinPath', 'C:\\Program Files (x86)\\Windows Kits\\10\\bin\\10.0.22000.0\\'), ('WindowsSDKVersion', '10.0.22000.0\\'), ('ZES_ENABLE_SYSMAN', '1'), ('__devinit_path', 'C:\\Program Files (x86)\\Microsoft Visual Studio\\2019\\Community\\Common7\\Tools\\devinit\\devinit.exe'), ('__DOTNET_ADD_32BIT', '1'), ('__DOTNET_PREFERRED_BITNESS', '32'), ('__VSCMD_PREINIT_PATH', 'C:\\Python38\\Scripts\\;C:\\Python38\\;C:\\Program Files\\AdoptOpenJDK\\jdk-11.0.10.9-hotspot\\bin;C:\\Program Files (x86)\\Common Files\\Oracle\\Java\\javapath;C:\\Windows\\system32;C:\\Windows;C:\\Windows\\System32\\Wbem;C:\\Windows\\System32\\WindowsPowerShell\\v1.0\\;C:\\Windows\\System32\\OpenSSH\\;C:\\Program Files (x86)\\NVIDIA Corporation\\PhysX\\Common;C:\\Program Files\\NVIDIA Corporation\\NVIDIA NvDLISR;C:\\Program Files\\PuTTY\\;C:\\WINDOWS\\system32;C:\\WINDOWS;C:\\WINDOWS\\System32\\Wbem;C:\\WINDOWS\\System32\\WindowsPowerShell\\v1.0\\;C:\\WINDOWS\\System32\\OpenSSH\\;C:\\Program Files\\dotnet\\;C:\\MinGW\\bin;C:\\Smalltalk Notes\\Smalltalk\\Smalltalk\\lib;C:\\Program Files\\Docker\\Docker\\resources\\bin;C:\\Users\\momo_\\AppData\\Local\\Programs\\Python\\Python39;C:\\ProgramData\\chocolatey\\bin;C:\\Program Files\\OpenSSL-Win64\\bin\\;C:\\opencv\\x64\\vc16\\bin;C:\\Program Files\\CMake\\bin;C:\\ProgramData\\chocolatey\\lib\\cunit\\lib;C:\\ProgramData\\chocolatey\\lib\\bullet\\lib;C:\\ProgramData\\chocolatey\\lib\\tinyxml2\\lib;C:\\xmllint\\bin;C:\\Program Files\\Graphviz\\bin;C:\\Qt\\Qt5.12.12\\5.12.12\\msvc2017_64\\bin;C:\\Program Files\\Cppcheck;C:\\Program Files\\Git\\cmd;C:\\Users\\momo_\\AppData\\Local\\Microsoft\\WindowsApps;C:\\Program Files\\JetBrains\\IntelliJ IDEA Educational Edition 2020.3.2\\bin;C:\\Users\\momo_\\AppData\\Local\\Programs\\Microsoft VS Code\\bin;C:\\Program Files\\JetBrains\\IntelliJ IDEA 2023.2.1\\bin'), ('__VSCMD_script_err_count', '0')]), 'shell': False}
[17.469000] (handler_pkg) StdoutLine: {'line': b'-- Installing: C:/COMP4900project/ros2_ws/install/lib/handler_pkg/handler.exe\n'}
[17.469000] (sensor_pkg) StdoutLine: {'line': b'-- Installing: C:/COMP4900project/ros2_ws/install/lib/sensor_pkg/sensor.exe\n'}
[17.469000] (handler_pkg) StdoutLine: {'line': b'-- Installing: C:/COMP4900project/ros2_ws/install/share/ament_index/resource_index/package_run_dependencies/handler_pkg\n'}
[17.469000] (sensor_pkg) StdoutLine: {'line': b'-- Installing: C:/COMP4900project/ros2_ws/install/share/ament_index/resource_index/package_run_dependencies/sensor_pkg\n'}
[17.485000] (sensor_pkg) StdoutLine: {'line': b'-- Installing: C:/COMP4900project/ros2_ws/install/share/ament_index/resource_index/parent_prefix_path/sensor_pkg\n'}
[17.485000] (handler_pkg) StdoutLine: {'line': b'-- Installing: C:/COMP4900project/ros2_ws/install/share/ament_index/resource_index/parent_prefix_path/handler_pkg\n'}
[17.485000] (sensor_pkg) StdoutLine: {'line': b'-- Installing: C:/COMP4900project/ros2_ws/install/share/sensor_pkg/environment/ament_prefix_path.bat\n'}
[17.485000] (handler_pkg) StdoutLine: {'line': b'-- Installing: C:/COMP4900project/ros2_ws/install/share/handler_pkg/environment/ament_prefix_path.bat\n'}
[17.500000] (handler_pkg) StdoutLine: {'line': b'-- Installing: C:/COMP4900project/ros2_ws/install/share/handler_pkg/environment/ament_prefix_path.dsv\n'}
[17.500000] (sensor_pkg) StdoutLine: {'line': b'-- Installing: C:/COMP4900project/ros2_ws/install/share/sensor_pkg/environment/ament_prefix_path.dsv\n'}
[17.500000] (sensor_pkg) StdoutLine: {'line': b'-- Installing: C:/COMP4900project/ros2_ws/install/share/sensor_pkg/environment/path.bat\n'}
[17.500000] (handler_pkg) StdoutLine: {'line': b'-- Installing: C:/COMP4900project/ros2_ws/install/share/handler_pkg/environment/path.bat\n'}
[17.500000] (handler_pkg) StdoutLine: {'line': b'-- Installing: C:/COMP4900project/ros2_ws/install/share/handler_pkg/environment/path.dsv\n'}
[17.500000] (sensor_pkg) StdoutLine: {'line': b'-- Installing: C:/COMP4900project/ros2_ws/install/share/sensor_pkg/environment/path.dsv\n'}
[17.500000] (sensor_pkg) StdoutLine: {'line': b'-- Installing: C:/COMP4900project/ros2_ws/install/share/sensor_pkg/local_setup.bat\n'}
[17.500000] (handler_pkg) StdoutLine: {'line': b'-- Installing: C:/COMP4900project/ros2_ws/install/share/handler_pkg/local_setup.bat\n'}
[17.516000] (handler_pkg) StdoutLine: {'line': b'-- Installing: C:/COMP4900project/ros2_ws/install/share/handler_pkg/local_setup.dsv\n'}
[17.516000] (sensor_pkg) StdoutLine: {'line': b'-- Installing: C:/COMP4900project/ros2_ws/install/share/sensor_pkg/local_setup.dsv\n'}
[17.516000] (handler_pkg) StdoutLine: {'line': b'-- Installing: C:/COMP4900project/ros2_ws/install/share/handler_pkg/package.dsv\n'}
[17.516000] (sensor_pkg) StdoutLine: {'line': b'-- Installing: C:/COMP4900project/ros2_ws/install/share/sensor_pkg/package.dsv\n'}
[17.516000] (handler_pkg) StdoutLine: {'line': b'-- Installing: C:/COMP4900project/ros2_ws/install/share/ament_index/resource_index/packages/handler_pkg\n'}
[17.516000] (sensor_pkg) StdoutLine: {'line': b'-- Installing: C:/COMP4900project/ros2_ws/install/share/ament_index/resource_index/packages/sensor_pkg\n'}
[17.531000] (sensor_pkg) StdoutLine: {'line': b'-- Installing: C:/COMP4900project/ros2_ws/install/share/sensor_pkg/cmake/sensor_pkgConfig.cmake\n'}
[17.531000] (handler_pkg) StdoutLine: {'line': b'-- Installing: C:/COMP4900project/ros2_ws/install/share/handler_pkg/cmake/handler_pkgConfig.cmake\n'}
[17.531000] (sensor_pkg) StdoutLine: {'line': b'-- Installing: C:/COMP4900project/ros2_ws/install/share/sensor_pkg/cmake/sensor_pkgConfig-version.cmake\n'}
[17.531000] (handler_pkg) StdoutLine: {'line': b'-- Installing: C:/COMP4900project/ros2_ws/install/share/handler_pkg/cmake/handler_pkgConfig-version.cmake\n'}
[17.531000] (sensor_pkg) StdoutLine: {'line': b'-- Installing: C:/COMP4900project/ros2_ws/install/share/sensor_pkg/package.xml\n'}
[17.531000] (handler_pkg) StdoutLine: {'line': b'-- Installing: C:/COMP4900project/ros2_ws/install/share/handler_pkg/package.xml\n'}
[17.547000] (sensor_pkg) CommandEnded: {'returncode': 0}
[17.547000] (-) TimerEvent: {}
[17.656000] (-) TimerEvent: {}
[17.766000] (-) TimerEvent: {}
[17.875000] (-) TimerEvent: {}
[17.985000] (-) TimerEvent: {}
[18.094000] (-) TimerEvent: {}
[18.203000] (-) TimerEvent: {}
[18.313000] (-) TimerEvent: {}
[18.422000] (-) TimerEvent: {}
[18.531000] (-) TimerEvent: {}
[18.563000] (sensor_pkg) JobEnded: {'identifier': 'sensor_pkg', 'rc': 0}
[18.578000] (handler_pkg) CommandEnded: {'returncode': 0}
[18.641000] (-) TimerEvent: {}
[18.750000] (-) TimerEvent: {}
[18.860000] (-) TimerEvent: {}
[18.969000] (-) TimerEvent: {}
[19.078000] (-) TimerEvent: {}
[19.188000] (-) TimerEvent: {}
[19.297000] (-) TimerEvent: {}
[19.406000] (-) TimerEvent: {}
[19.516000] (-) TimerEvent: {}
[19.578000] (handler_pkg) JobEnded: {'identifier': 'handler_pkg', 'rc': 0}
[19.578000] (-) EventReactorShutdown: {}
