[2.272s] [34mcolcon[0m [1;30mDEBUG[0m [32mCommand line arguments: ['C:\\Python38\\Scripts\\colcon', 'build', '--merge-install'][0m
[2.272s] [34mcolcon[0m [1;30mDEBUG[0m [32mParsed command line arguments: Namespace(ament_cmake_args=None, base_paths=['.'], build_base='build', catkin_cmake_args=None, catkin_skip_building_tests=False, cmake_args=None, cmake_clean_cache=False, cmake_clean_first=False, cmake_force_configure=False, cmake_target=None, cmake_target_skip_unavailable=False, continue_on_error=False, event_handlers=None, executor='parallel', ignore_user_meta=False, install_base='install', log_base=None, log_level=None, main=<bound method BuildVerb.main of <colcon_core.verb.build.BuildVerb object at 0x00000211E92AAF40>>, merge_install=True, metas=['./colcon.meta'], packages_above=None, packages_above_and_dependencies=None, packages_above_depth=None, packages_end=None, packages_ignore=None, packages_ignore_regex=None, packages_select=None, packages_select_build_failed=False, packages_select_by_dep=None, packages_select_regex=None, packages_select_test_failures=False, packages_skip=None, packages_skip_build_finished=False, packages_skip_by_dep=None, packages_skip_regex=None, packages_skip_test_passed=False, packages_skip_up_to=None, packages_start=None, packages_up_to=None, packages_up_to_regex=None, parallel_workers=16, paths=None, symlink_install=False, test_result_base=None, verb_extension=<colcon_core.verb.build.BuildVerb object at 0x00000211E92AAF40>, verb_name='build', verb_parser=<colcon_defaults.argument_parser.defaults.DefaultArgumentsDecorator object at 0x00000211E9670DF0>)[0m
[2.599s] [34mcolcon.colcon_core.package_discovery[0m [1;30mLevel 1[0m discover_packages(colcon_meta) check parameters
[2.599s] [34mcolcon.colcon_core.package_discovery[0m [1;30mLevel 1[0m discover_packages(recursive) check parameters
[2.599s] [34mcolcon.colcon_core.package_discovery[0m [1;30mLevel 1[0m discover_packages(ignore) check parameters
[2.599s] [34mcolcon.colcon_core.package_discovery[0m [1;30mLevel 1[0m discover_packages(path) check parameters
[2.599s] [34mcolcon.colcon_core.package_discovery[0m [1;30mLevel 1[0m discover_packages(colcon_meta) discover
[2.599s] [34mcolcon.colcon_core.package_discovery[0m [1;30mLevel 1[0m discover_packages(recursive) discover
[2.600s] [34mcolcon.colcon_core.package_discovery[0m [1;30mINFO[0m Crawling recursively for packages in 'C:\COMP4900project\ros2_ws'
[2.600s] [34mcolcon.colcon_core.package_identification[0m [1;30mLevel 1[0m _identify(.) by extensions ['ignore', 'ignore_ament_install']
[2.600s] [34mcolcon.colcon_core.package_identification[0m [1;30mLevel 1[0m _identify(.) by extension 'ignore'
[2.600s] [34mcolcon.colcon_core.package_identification[0m [1;30mLevel 1[0m _identify(.) by extension 'ignore_ament_install'
[2.600s] [34mcolcon.colcon_core.package_identification[0m [1;30mLevel 1[0m _identify(.) by extensions ['colcon_pkg']
[2.600s] [34mcolcon.colcon_core.package_identification[0m [1;30mLevel 1[0m _identify(.) by extension 'colcon_pkg'
[2.601s] [34mcolcon.colcon_core.package_identification[0m [1;30mLevel 1[0m _identify(.) by extensions ['colcon_meta']
[2.601s] [34mcolcon.colcon_core.package_identification[0m [1;30mLevel 1[0m _identify(.) by extension 'colcon_meta'
[2.601s] [34mcolcon.colcon_core.package_identification[0m [1;30mLevel 1[0m _identify(.) by extensions ['ros']
[2.601s] [34mcolcon.colcon_core.package_identification[0m [1;30mLevel 1[0m _identify(.) by extension 'ros'
[2.617s] [34mcolcon.colcon_core.package_identification[0m [1;30mLevel 1[0m _identify(.) by extensions ['cmake', 'python']
[2.618s] [34mcolcon.colcon_core.package_identification[0m [1;30mLevel 1[0m _identify(.) by extension 'cmake'
[2.618s] [34mcolcon.colcon_core.package_identification[0m [1;30mLevel 1[0m _identify(.) by extension 'python'
[2.618s] [34mcolcon.colcon_core.package_identification[0m [1;30mLevel 1[0m _identify(.) by extensions ['python_setup_py']
[2.618s] [34mcolcon.colcon_core.package_identification[0m [1;30mLevel 1[0m _identify(.) by extension 'python_setup_py'
[2.618s] [34mcolcon.colcon_core.package_identification[0m [1;30mLevel 1[0m _identify(build) by extensions ['ignore', 'ignore_ament_install']
[2.618s] [34mcolcon.colcon_core.package_identification[0m [1;30mLevel 1[0m _identify(build) by extension 'ignore'
[2.618s] [34mcolcon.colcon_core.package_identification[0m [1;30mLevel 1[0m _identify(build) ignored
[2.619s] [34mcolcon.colcon_core.package_identification[0m [1;30mLevel 1[0m _identify(install) by extensions ['ignore', 'ignore_ament_install']
[2.619s] [34mcolcon.colcon_core.package_identification[0m [1;30mLevel 1[0m _identify(install) by extension 'ignore'
[2.619s] [34mcolcon.colcon_core.package_identification[0m [1;30mLevel 1[0m _identify(install) ignored
[2.620s] [34mcolcon.colcon_core.package_identification[0m [1;30mLevel 1[0m _identify(log) by extensions ['ignore', 'ignore_ament_install']
[2.620s] [34mcolcon.colcon_core.package_identification[0m [1;30mLevel 1[0m _identify(log) by extension 'ignore'
[2.620s] [34mcolcon.colcon_core.package_identification[0m [1;30mLevel 1[0m _identify(log) ignored
[2.620s] [34mcolcon.colcon_core.package_identification[0m [1;30mLevel 1[0m _identify(src) by extensions ['ignore', 'ignore_ament_install']
[2.620s] [34mcolcon.colcon_core.package_identification[0m [1;30mLevel 1[0m _identify(src) by extension 'ignore'
[2.620s] [34mcolcon.colcon_core.package_identification[0m [1;30mLevel 1[0m _identify(src) by extension 'ignore_ament_install'
[2.621s] [34mcolcon.colcon_core.package_identification[0m [1;30mLevel 1[0m _identify(src) by extensions ['colcon_pkg']
[2.621s] [34mcolcon.colcon_core.package_identification[0m [1;30mLevel 1[0m _identify(src) by extension 'colcon_pkg'
[2.621s] [34mcolcon.colcon_core.package_identification[0m [1;30mLevel 1[0m _identify(src) by extensions ['colcon_meta']
[2.621s] [34mcolcon.colcon_core.package_identification[0m [1;30mLevel 1[0m _identify(src) by extension 'colcon_meta'
[2.621s] [34mcolcon.colcon_core.package_identification[0m [1;30mLevel 1[0m _identify(src) by extensions ['ros']
[2.621s] [34mcolcon.colcon_core.package_identification[0m [1;30mLevel 1[0m _identify(src) by extension 'ros'
[2.621s] [34mcolcon.colcon_core.package_identification[0m [1;30mLevel 1[0m _identify(src) by extensions ['cmake', 'python']
[2.621s] [34mcolcon.colcon_core.package_identification[0m [1;30mLevel 1[0m _identify(src) by extension 'cmake'
[2.622s] [34mcolcon.colcon_core.package_identification[0m [1;30mLevel 1[0m _identify(src) by extension 'python'
[2.622s] [34mcolcon.colcon_core.package_identification[0m [1;30mLevel 1[0m _identify(src) by extensions ['python_setup_py']
[2.622s] [34mcolcon.colcon_core.package_identification[0m [1;30mLevel 1[0m _identify(src) by extension 'python_setup_py'
[2.622s] [34mcolcon.colcon_core.package_identification[0m [1;30mLevel 1[0m _identify(src\handler_pkg) by extensions ['ignore', 'ignore_ament_install']
[2.622s] [34mcolcon.colcon_core.package_identification[0m [1;30mLevel 1[0m _identify(src\handler_pkg) by extension 'ignore'
[2.622s] [34mcolcon.colcon_core.package_identification[0m [1;30mLevel 1[0m _identify(src\handler_pkg) by extension 'ignore_ament_install'
[2.622s] [34mcolcon.colcon_core.package_identification[0m [1;30mLevel 1[0m _identify(src\handler_pkg) by extensions ['colcon_pkg']
[2.623s] [34mcolcon.colcon_core.package_identification[0m [1;30mLevel 1[0m _identify(src\handler_pkg) by extension 'colcon_pkg'
[2.623s] [34mcolcon.colcon_core.package_identification[0m [1;30mLevel 1[0m _identify(src\handler_pkg) by extensions ['colcon_meta']
[2.623s] [34mcolcon.colcon_core.package_identification[0m [1;30mLevel 1[0m _identify(src\handler_pkg) by extension 'colcon_meta'
[2.623s] [34mcolcon.colcon_core.package_identification[0m [1;30mLevel 1[0m _identify(src\handler_pkg) by extensions ['ros']
[2.623s] [34mcolcon.colcon_core.package_identification[0m [1;30mLevel 1[0m _identify(src\handler_pkg) by extension 'ros'
[2.630s] [34mcolcon.colcon_core.package_identification[0m [1;30mDEBUG[0m [32mPackage 'src\handler_pkg' with type 'ros.ament_cmake' and name 'handler_pkg'[0m
[2.631s] [34mcolcon.colcon_core.package_identification[0m [1;30mLevel 1[0m _identify(src\sensor_pkg) by extensions ['ignore', 'ignore_ament_install']
[2.631s] [34mcolcon.colcon_core.package_identification[0m [1;30mLevel 1[0m _identify(src\sensor_pkg) by extension 'ignore'
[2.631s] [34mcolcon.colcon_core.package_identification[0m [1;30mLevel 1[0m _identify(src\sensor_pkg) by extension 'ignore_ament_install'
[2.631s] [34mcolcon.colcon_core.package_identification[0m [1;30mLevel 1[0m _identify(src\sensor_pkg) by extensions ['colcon_pkg']
[2.631s] [34mcolcon.colcon_core.package_identification[0m [1;30mLevel 1[0m _identify(src\sensor_pkg) by extension 'colcon_pkg'
[2.631s] [34mcolcon.colcon_core.package_identification[0m [1;30mLevel 1[0m _identify(src\sensor_pkg) by extensions ['colcon_meta']
[2.631s] [34mcolcon.colcon_core.package_identification[0m [1;30mLevel 1[0m _identify(src\sensor_pkg) by extension 'colcon_meta'
[2.632s] [34mcolcon.colcon_core.package_identification[0m [1;30mLevel 1[0m _identify(src\sensor_pkg) by extensions ['ros']
[2.632s] [34mcolcon.colcon_core.package_identification[0m [1;30mLevel 1[0m _identify(src\sensor_pkg) by extension 'ros'
[2.635s] [34mcolcon.colcon_core.package_identification[0m [1;30mDEBUG[0m [32mPackage 'src\sensor_pkg' with type 'ros.ament_cmake' and name 'sensor_pkg'[0m
[2.635s] [34mcolcon.colcon_core.package_discovery[0m [1;30mLevel 1[0m discover_packages(recursive) using defaults
[2.635s] [34mcolcon.colcon_core.package_discovery[0m [1;30mLevel 1[0m discover_packages(ignore) discover
[2.635s] [34mcolcon.colcon_core.package_discovery[0m [1;30mLevel 1[0m discover_packages(ignore) using defaults
[2.635s] [34mcolcon.colcon_core.package_discovery[0m [1;30mLevel 1[0m discover_packages(path) discover
[2.635s] [34mcolcon.colcon_core.package_discovery[0m [1;30mLevel 1[0m discover_packages(path) using defaults
[3.198s] [34mcolcon.colcon_core.verb[0m [1;30mLevel 5[0m set package 'handler_pkg' build argument 'cmake_args' from command line to 'None'
[3.198s] [34mcolcon.colcon_core.verb[0m [1;30mLevel 5[0m set package 'handler_pkg' build argument 'cmake_target' from command line to 'None'
[3.198s] [34mcolcon.colcon_core.verb[0m [1;30mLevel 5[0m set package 'handler_pkg' build argument 'cmake_target_skip_unavailable' from command line to 'False'
[3.198s] [34mcolcon.colcon_core.verb[0m [1;30mLevel 5[0m set package 'handler_pkg' build argument 'cmake_clean_cache' from command line to 'False'
[3.198s] [34mcolcon.colcon_core.verb[0m [1;30mLevel 5[0m set package 'handler_pkg' build argument 'cmake_clean_first' from command line to 'False'
[3.198s] [34mcolcon.colcon_core.verb[0m [1;30mLevel 5[0m set package 'handler_pkg' build argument 'cmake_force_configure' from command line to 'False'
[3.198s] [34mcolcon.colcon_core.verb[0m [1;30mLevel 5[0m set package 'handler_pkg' build argument 'ament_cmake_args' from command line to 'None'
[3.198s] [34mcolcon.colcon_core.verb[0m [1;30mLevel 5[0m set package 'handler_pkg' build argument 'catkin_cmake_args' from command line to 'None'
[3.198s] [34mcolcon.colcon_core.verb[0m [1;30mLevel 5[0m set package 'handler_pkg' build argument 'catkin_skip_building_tests' from command line to 'False'
[3.198s] [34mcolcon.colcon_core.verb[0m [1;30mDEBUG[0m [32mBuilding package 'handler_pkg' with the following arguments: {'ament_cmake_args': None, 'build_base': 'C:\\COMP4900project\\ros2_ws\\build\\handler_pkg', 'catkin_cmake_args': None, 'catkin_skip_building_tests': False, 'cmake_args': None, 'cmake_clean_cache': False, 'cmake_clean_first': False, 'cmake_force_configure': False, 'cmake_target': None, 'cmake_target_skip_unavailable': False, 'install_base': 'C:\\COMP4900project\\ros2_ws\\install', 'merge_install': True, 'path': 'C:\\COMP4900project\\ros2_ws\\src\\handler_pkg', 'symlink_install': False, 'test_result_base': None}[0m
[3.335s] [34mcolcon.colcon_core.verb[0m [1;30mLevel 5[0m set package 'sensor_pkg' build argument 'cmake_args' from command line to 'None'
[3.335s] [34mcolcon.colcon_core.verb[0m [1;30mLevel 5[0m set package 'sensor_pkg' build argument 'cmake_target' from command line to 'None'
[3.335s] [34mcolcon.colcon_core.verb[0m [1;30mLevel 5[0m set package 'sensor_pkg' build argument 'cmake_target_skip_unavailable' from command line to 'False'
[3.335s] [34mcolcon.colcon_core.verb[0m [1;30mLevel 5[0m set package 'sensor_pkg' build argument 'cmake_clean_cache' from command line to 'False'
[3.335s] [34mcolcon.colcon_core.verb[0m [1;30mLevel 5[0m set package 'sensor_pkg' build argument 'cmake_clean_first' from command line to 'False'
[3.335s] [34mcolcon.colcon_core.verb[0m [1;30mLevel 5[0m set package 'sensor_pkg' build argument 'cmake_force_configure' from command line to 'False'
[3.335s] [34mcolcon.colcon_core.verb[0m [1;30mLevel 5[0m set package 'sensor_pkg' build argument 'ament_cmake_args' from command line to 'None'
[3.335s] [34mcolcon.colcon_core.verb[0m [1;30mLevel 5[0m set package 'sensor_pkg' build argument 'catkin_cmake_args' from command line to 'None'
[3.335s] [34mcolcon.colcon_core.verb[0m [1;30mLevel 5[0m set package 'sensor_pkg' build argument 'catkin_skip_building_tests' from command line to 'False'
[3.335s] [34mcolcon.colcon_core.verb[0m [1;30mDEBUG[0m [32mBuilding package 'sensor_pkg' with the following arguments: {'ament_cmake_args': None, 'build_base': 'C:\\COMP4900project\\ros2_ws\\build\\sensor_pkg', 'catkin_cmake_args': None, 'catkin_skip_building_tests': False, 'cmake_args': None, 'cmake_clean_cache': False, 'cmake_clean_first': False, 'cmake_force_configure': False, 'cmake_target': None, 'cmake_target_skip_unavailable': False, 'install_base': 'C:\\COMP4900project\\ros2_ws\\install', 'merge_install': True, 'path': 'C:\\COMP4900project\\ros2_ws\\src\\sensor_pkg', 'symlink_install': False, 'test_result_base': None}[0m
[3.478s] [34mcolcon.colcon_core.executor[0m [1;30mINFO[0m Executing jobs using 'parallel' executor
[3.617s] [34mcolcon.colcon_parallel_executor.executor.parallel[0m [1;30mDEBUG[0m [32mrun_until_complete[0m
[3.617s] [34mcolcon.colcon_ros.task.ament_cmake.build[0m [1;30mINFO[0m Building ROS package in 'C:\COMP4900project\ros2_ws\src\handler_pkg' with build type 'ament_cmake'
[3.617s] [34mcolcon.colcon_cmake.task.cmake.build[0m [1;30mINFO[0m Building CMake package in 'C:\COMP4900project\ros2_ws\src\handler_pkg'
[3.758s] [34mcolcon.colcon_core.plugin_system[0m [1;30mINFO[0m Skipping extension 'colcon_core.shell.sh': Not used on Windows systems
[3.758s] [34mcolcon.colcon_core.shell[0m [1;30mINFO[0m Skip shell extension 'powershell' for command environment: Not usable outside of PowerShell
[4.658s] [34mcolcon.colcon_ros.task.ament_cmake.build[0m [1;30mINFO[0m Building ROS package in 'C:\COMP4900project\ros2_ws\src\sensor_pkg' with build type 'ament_cmake'
[4.659s] [34mcolcon.colcon_cmake.task.cmake.build[0m [1;30mINFO[0m Building CMake package in 'C:\COMP4900project\ros2_ws\src\sensor_pkg'
[4.799s] [34mcolcon.colcon_core.shell[0m [1;30mINFO[0m Skip shell extension 'powershell' for command environment: Not usable outside of PowerShell
[5.696s] [34mcolcon.colcon_core.event_handler.log_command[0m [1;30mDEBUG[0m [32mInvoking command in 'C:\COMP4900project\ros2_ws\build\handler_pkg': INCLUDE=%INCLUDE%
IntelliJ IDEA=C:\Program Files\JetBrains\IntelliJ IDEA 2023.2.1\bin;
IntelliJ IDEA Educational Edition=C:\Program Files\JetBrains\IntelliJ IDEA Educational Edition 2020.3.2\bin; C:\Program Files\CMake\bin\cmake.EXE C:\COMP4900project\ros2_ws\src\handler_pkg -DCMAKE_INSTALL_PREFIX=C:\COMP4900project\ros2_ws\install -G Visual Studio 16 2019[0m
[5.706s] [34mcolcon.colcon_core.event_handler.log_command[0m [1;30mDEBUG[0m [32mInvoking command in 'C:\COMP4900project\ros2_ws\build\sensor_pkg': INCLUDE=%INCLUDE%
IntelliJ IDEA=C:\Program Files\JetBrains\IntelliJ IDEA 2023.2.1\bin;
IntelliJ IDEA Educational Edition=C:\Program Files\JetBrains\IntelliJ IDEA Educational Edition 2020.3.2\bin; C:\Program Files\CMake\bin\cmake.EXE C:\COMP4900project\ros2_ws\src\sensor_pkg -DCMAKE_INSTALL_PREFIX=C:\COMP4900project\ros2_ws\install -G Visual Studio 16 2019[0m
[19.650s] [34mcolcon.colcon_core.event_handler.log_command[0m [1;30mDEBUG[0m [32mInvoked command in 'C:\COMP4900project\ros2_ws\build\sensor_pkg' returned '0': INCLUDE=%INCLUDE%
IntelliJ IDEA=C:\Program Files\JetBrains\IntelliJ IDEA 2023.2.1\bin;
IntelliJ IDEA Educational Edition=C:\Program Files\JetBrains\IntelliJ IDEA Educational Edition 2020.3.2\bin; C:\Program Files\CMake\bin\cmake.EXE C:\COMP4900project\ros2_ws\src\sensor_pkg -DCMAKE_INSTALL_PREFIX=C:\COMP4900project\ros2_ws\install -G Visual Studio 16 2019[0m
[19.652s] [34mcolcon.colcon_core.event_handler.log_command[0m [1;30mDEBUG[0m [32mInvoking command in 'C:\COMP4900project\ros2_ws\build\sensor_pkg': CL=/MP INCLUDE=%INCLUDE%
IntelliJ IDEA=C:\Program Files\JetBrains\IntelliJ IDEA 2023.2.1\bin;
IntelliJ IDEA Educational Edition=C:\Program Files\JetBrains\IntelliJ IDEA Educational Edition 2020.3.2\bin; C:\Program Files\CMake\bin\cmake.EXE --build C:\COMP4900project\ros2_ws\build\sensor_pkg --config Release[0m
[19.658s] [34mcolcon.colcon_core.event_handler.log_command[0m [1;30mDEBUG[0m [32mInvoked command in 'C:\COMP4900project\ros2_ws\build\handler_pkg' returned '0': INCLUDE=%INCLUDE%
IntelliJ IDEA=C:\Program Files\JetBrains\IntelliJ IDEA 2023.2.1\bin;
IntelliJ IDEA Educational Edition=C:\Program Files\JetBrains\IntelliJ IDEA Educational Edition 2020.3.2\bin; C:\Program Files\CMake\bin\cmake.EXE C:\COMP4900project\ros2_ws\src\handler_pkg -DCMAKE_INSTALL_PREFIX=C:\COMP4900project\ros2_ws\install -G Visual Studio 16 2019[0m
[19.661s] [34mcolcon.colcon_core.event_handler.log_command[0m [1;30mDEBUG[0m [32mInvoking command in 'C:\COMP4900project\ros2_ws\build\handler_pkg': CL=/MP INCLUDE=%INCLUDE%
IntelliJ IDEA=C:\Program Files\JetBrains\IntelliJ IDEA 2023.2.1\bin;
IntelliJ IDEA Educational Edition=C:\Program Files\JetBrains\IntelliJ IDEA Educational Edition 2020.3.2\bin; C:\Program Files\CMake\bin\cmake.EXE --build C:\COMP4900project\ros2_ws\build\handler_pkg --config Release[0m
[20.999s] [34mcolcon.colcon_core.event_handler.log_command[0m [1;30mDEBUG[0m [32mInvoked command in 'C:\COMP4900project\ros2_ws\build\handler_pkg' returned '0': CL=/MP INCLUDE=%INCLUDE%
IntelliJ IDEA=C:\Program Files\JetBrains\IntelliJ IDEA 2023.2.1\bin;
IntelliJ IDEA Educational Edition=C:\Program Files\JetBrains\IntelliJ IDEA Educational Edition 2020.3.2\bin; C:\Program Files\CMake\bin\cmake.EXE --build C:\COMP4900project\ros2_ws\build\handler_pkg --config Release[0m
[21.036s] [34mcolcon.colcon_core.event_handler.log_command[0m [1;30mDEBUG[0m [32mInvoking command in 'C:\COMP4900project\ros2_ws\build\handler_pkg': INCLUDE=%INCLUDE%
IntelliJ IDEA=C:\Program Files\JetBrains\IntelliJ IDEA 2023.2.1\bin;
IntelliJ IDEA Educational Edition=C:\Program Files\JetBrains\IntelliJ IDEA Educational Edition 2020.3.2\bin; C:\Program Files\CMake\bin\cmake.EXE --install C:\COMP4900project\ros2_ws\build\handler_pkg --config Release[0m
[21.041s] [34mcolcon.colcon_core.event_handler.log_command[0m [1;30mDEBUG[0m [32mInvoked command in 'C:\COMP4900project\ros2_ws\build\sensor_pkg' returned '0': CL=/MP INCLUDE=%INCLUDE%
IntelliJ IDEA=C:\Program Files\JetBrains\IntelliJ IDEA 2023.2.1\bin;
IntelliJ IDEA Educational Edition=C:\Program Files\JetBrains\IntelliJ IDEA Educational Edition 2020.3.2\bin; C:\Program Files\CMake\bin\cmake.EXE --build C:\COMP4900project\ros2_ws\build\sensor_pkg --config Release[0m
[21.043s] [34mcolcon.colcon_core.event_handler.log_command[0m [1;30mDEBUG[0m [32mInvoking command in 'C:\COMP4900project\ros2_ws\build\sensor_pkg': INCLUDE=%INCLUDE%
IntelliJ IDEA=C:\Program Files\JetBrains\IntelliJ IDEA 2023.2.1\bin;
IntelliJ IDEA Educational Edition=C:\Program Files\JetBrains\IntelliJ IDEA Educational Edition 2020.3.2\bin; C:\Program Files\CMake\bin\cmake.EXE --install C:\COMP4900project\ros2_ws\build\sensor_pkg --config Release[0m
[21.150s] [34mcolcon.colcon_core.environment[0m [1;30mLevel 1[0m create_environment_scripts_only(sensor_pkg)
[21.150s] [34mcolcon.colcon_core.event_handler.log_command[0m [1;30mDEBUG[0m [32mInvoked command in 'C:\COMP4900project\ros2_ws\build\sensor_pkg' returned '0': INCLUDE=%INCLUDE%
IntelliJ IDEA=C:\Program Files\JetBrains\IntelliJ IDEA 2023.2.1\bin;
IntelliJ IDEA Educational Edition=C:\Program Files\JetBrains\IntelliJ IDEA Educational Edition 2020.3.2\bin; C:\Program Files\CMake\bin\cmake.EXE --install C:\COMP4900project\ros2_ws\build\sensor_pkg --config Release[0m
[21.302s] [34mcolcon.colcon_core.environment[0m [1;30mLevel 1[0m checking 'C:\COMP4900project\ros2_ws\install' for CMake module files
[21.304s] [34mcolcon.colcon_core.environment[0m [1;30mLevel 1[0m checking 'C:\COMP4900project\ros2_ws\install' for CMake config files
[21.306s] [34mcolcon.colcon_core.shell[0m [1;30mLevel 1[0m create_environment_hook('sensor_pkg', 'cmake_prefix_path')
[21.450s] [34mcolcon.colcon_core.shell[0m [1;30mINFO[0m Creating environment hook 'C:\COMP4900project\ros2_ws\install\share\sensor_pkg\hook\cmake_prefix_path.ps1'
[21.451s] [34mcolcon.colcon_core.shell[0m [1;30mINFO[0m Creating environment hook 'C:\COMP4900project\ros2_ws\install\share\sensor_pkg\hook\cmake_prefix_path.bat'
[21.453s] [34mcolcon.colcon_core.shell[0m [1;30mINFO[0m Creating environment descriptor 'C:\COMP4900project\ros2_ws\install\share\sensor_pkg\hook\cmake_prefix_path.dsv'
[21.454s] [34mcolcon.colcon_core.environment[0m [1;30mLevel 1[0m checking 'C:\COMP4900project\ros2_ws\install\bin'
[21.454s] [34mcolcon.colcon_core.environment[0m [1;30mLevel 1[0m checking 'C:\COMP4900project\ros2_ws\install\bin'
[21.454s] [34mcolcon.colcon_core.environment[0m [1;30mLevel 1[0m checking 'C:\COMP4900project\ros2_ws\install\lib\pkgconfig\sensor_pkg.pc'
[21.455s] [34mcolcon.colcon_core.environment[0m [1;30mLevel 1[0m checking 'C:\COMP4900project\ros2_ws\install\Lib\site-packages'
[21.455s] [34mcolcon.colcon_core.environment[0m [1;30mLevel 1[0m checking 'C:\COMP4900project\ros2_ws\install\Scripts'
[21.597s] [34mcolcon.colcon_core.shell[0m [1;30mINFO[0m Creating package script 'C:\COMP4900project\ros2_ws\install\share\sensor_pkg\package.ps1'
[21.599s] [34mcolcon.colcon_core.shell[0m [1;30mINFO[0m Creating package script 'C:\COMP4900project\ros2_ws\install\share\sensor_pkg\package.bat'
[21.600s] [34mcolcon.colcon_core.shell[0m [1;30mINFO[0m Creating package descriptor 'C:\COMP4900project\ros2_ws\install\share\sensor_pkg\package.dsv'
[21.601s] [34mcolcon.colcon_core.environment[0m [1;30mLevel 1[0m create_file_with_runtime_dependencies(C:\COMP4900project\ros2_ws\install\share\colcon-core\packages\sensor_pkg)
[21.743s] [34mcolcon.colcon_core.environment[0m [1;30mLevel 1[0m create_environment_scripts_only(sensor_pkg)
[21.884s] [34mcolcon.colcon_core.environment[0m [1;30mLevel 1[0m checking 'C:\COMP4900project\ros2_ws\install' for CMake module files
[21.887s] [34mcolcon.colcon_core.environment[0m [1;30mLevel 1[0m checking 'C:\COMP4900project\ros2_ws\install' for CMake config files
[21.889s] [34mcolcon.colcon_core.shell[0m [1;30mLevel 1[0m create_environment_hook('sensor_pkg', 'cmake_prefix_path')
[22.029s] [34mcolcon.colcon_core.shell[0m [1;30mINFO[0m Creating environment hook 'C:\COMP4900project\ros2_ws\install\share\sensor_pkg\hook\cmake_prefix_path.ps1'
[22.031s] [34mcolcon.colcon_core.shell[0m [1;30mINFO[0m Creating environment hook 'C:\COMP4900project\ros2_ws\install\share\sensor_pkg\hook\cmake_prefix_path.bat'
[22.032s] [34mcolcon.colcon_core.shell[0m [1;30mINFO[0m Creating environment descriptor 'C:\COMP4900project\ros2_ws\install\share\sensor_pkg\hook\cmake_prefix_path.dsv'
[22.033s] [34mcolcon.colcon_core.environment[0m [1;30mLevel 1[0m checking 'C:\COMP4900project\ros2_ws\install\bin'
[22.033s] [34mcolcon.colcon_core.environment[0m [1;30mLevel 1[0m checking 'C:\COMP4900project\ros2_ws\install\bin'
[22.033s] [34mcolcon.colcon_core.environment[0m [1;30mLevel 1[0m checking 'C:\COMP4900project\ros2_ws\install\lib\pkgconfig\sensor_pkg.pc'
[22.033s] [34mcolcon.colcon_core.environment[0m [1;30mLevel 1[0m checking 'C:\COMP4900project\ros2_ws\install\Lib\site-packages'
[22.033s] [34mcolcon.colcon_core.environment[0m [1;30mLevel 1[0m checking 'C:\COMP4900project\ros2_ws\install\Scripts'
[22.174s] [34mcolcon.colcon_core.shell[0m [1;30mINFO[0m Creating package script 'C:\COMP4900project\ros2_ws\install\share\sensor_pkg\package.ps1'
[22.176s] [34mcolcon.colcon_core.shell[0m [1;30mINFO[0m Creating package script 'C:\COMP4900project\ros2_ws\install\share\sensor_pkg\package.bat'
[22.177s] [34mcolcon.colcon_core.shell[0m [1;30mINFO[0m Creating package descriptor 'C:\COMP4900project\ros2_ws\install\share\sensor_pkg\package.dsv'
[22.178s] [34mcolcon.colcon_core.environment[0m [1;30mLevel 1[0m create_file_with_runtime_dependencies(C:\COMP4900project\ros2_ws\install\share\colcon-core\packages\sensor_pkg)
[22.179s] [34mcolcon.colcon_core.environment[0m [1;30mLevel 1[0m create_environment_scripts_only(handler_pkg)
[22.182s] [34mcolcon.colcon_core.event_handler.log_command[0m [1;30mDEBUG[0m [32mInvoked command in 'C:\COMP4900project\ros2_ws\build\handler_pkg' returned '0': INCLUDE=%INCLUDE%
IntelliJ IDEA=C:\Program Files\JetBrains\IntelliJ IDEA 2023.2.1\bin;
IntelliJ IDEA Educational Edition=C:\Program Files\JetBrains\IntelliJ IDEA Educational Edition 2020.3.2\bin; C:\Program Files\CMake\bin\cmake.EXE --install C:\COMP4900project\ros2_ws\build\handler_pkg --config Release[0m
[22.320s] [34mcolcon.colcon_core.environment[0m [1;30mLevel 1[0m checking 'C:\COMP4900project\ros2_ws\install' for CMake module files
[22.322s] [34mcolcon.colcon_core.environment[0m [1;30mLevel 1[0m checking 'C:\COMP4900project\ros2_ws\install' for CMake config files
[22.324s] [34mcolcon.colcon_core.shell[0m [1;30mLevel 1[0m create_environment_hook('handler_pkg', 'cmake_prefix_path')
[22.462s] [34mcolcon.colcon_core.shell[0m [1;30mINFO[0m Creating environment hook 'C:\COMP4900project\ros2_ws\install\share\handler_pkg\hook\cmake_prefix_path.ps1'
[22.463s] [34mcolcon.colcon_core.shell[0m [1;30mINFO[0m Creating environment hook 'C:\COMP4900project\ros2_ws\install\share\handler_pkg\hook\cmake_prefix_path.bat'
[22.464s] [34mcolcon.colcon_core.shell[0m [1;30mINFO[0m Creating environment descriptor 'C:\COMP4900project\ros2_ws\install\share\handler_pkg\hook\cmake_prefix_path.dsv'
[22.466s] [34mcolcon.colcon_core.environment[0m [1;30mLevel 1[0m checking 'C:\COMP4900project\ros2_ws\install\bin'
[22.466s] [34mcolcon.colcon_core.environment[0m [1;30mLevel 1[0m checking 'C:\COMP4900project\ros2_ws\install\bin'
[22.466s] [34mcolcon.colcon_core.environment[0m [1;30mLevel 1[0m checking 'C:\COMP4900project\ros2_ws\install\lib\pkgconfig\handler_pkg.pc'
[22.466s] [34mcolcon.colcon_core.environment[0m [1;30mLevel 1[0m checking 'C:\COMP4900project\ros2_ws\install\Lib\site-packages'
[22.466s] [34mcolcon.colcon_core.environment[0m [1;30mLevel 1[0m checking 'C:\COMP4900project\ros2_ws\install\Scripts'
[22.607s] [34mcolcon.colcon_core.shell[0m [1;30mINFO[0m Creating package script 'C:\COMP4900project\ros2_ws\install\share\handler_pkg\package.ps1'
[22.608s] [34mcolcon.colcon_core.shell[0m [1;30mINFO[0m Creating package script 'C:\COMP4900project\ros2_ws\install\share\handler_pkg\package.bat'
[22.609s] [34mcolcon.colcon_core.shell[0m [1;30mINFO[0m Creating package descriptor 'C:\COMP4900project\ros2_ws\install\share\handler_pkg\package.dsv'
[22.611s] [34mcolcon.colcon_core.environment[0m [1;30mLevel 1[0m create_file_with_runtime_dependencies(C:\COMP4900project\ros2_ws\install\share\colcon-core\packages\handler_pkg)
[22.753s] [34mcolcon.colcon_core.environment[0m [1;30mLevel 1[0m create_environment_scripts_only(handler_pkg)
[22.895s] [34mcolcon.colcon_core.environment[0m [1;30mLevel 1[0m checking 'C:\COMP4900project\ros2_ws\install' for CMake module files
[22.897s] [34mcolcon.colcon_core.environment[0m [1;30mLevel 1[0m checking 'C:\COMP4900project\ros2_ws\install' for CMake config files
[22.899s] [34mcolcon.colcon_core.shell[0m [1;30mLevel 1[0m create_environment_hook('handler_pkg', 'cmake_prefix_path')
[23.039s] [34mcolcon.colcon_core.shell[0m [1;30mINFO[0m Creating environment hook 'C:\COMP4900project\ros2_ws\install\share\handler_pkg\hook\cmake_prefix_path.ps1'
[23.041s] [34mcolcon.colcon_core.shell[0m [1;30mINFO[0m Creating environment hook 'C:\COMP4900project\ros2_ws\install\share\handler_pkg\hook\cmake_prefix_path.bat'
[23.042s] [34mcolcon.colcon_core.shell[0m [1;30mINFO[0m Creating environment descriptor 'C:\COMP4900project\ros2_ws\install\share\handler_pkg\hook\cmake_prefix_path.dsv'
[23.043s] [34mcolcon.colcon_core.environment[0m [1;30mLevel 1[0m checking 'C:\COMP4900project\ros2_ws\install\bin'
[23.043s] [34mcolcon.colcon_core.environment[0m [1;30mLevel 1[0m checking 'C:\COMP4900project\ros2_ws\install\bin'
[23.043s] [34mcolcon.colcon_core.environment[0m [1;30mLevel 1[0m checking 'C:\COMP4900project\ros2_ws\install\lib\pkgconfig\handler_pkg.pc'
[23.043s] [34mcolcon.colcon_core.environment[0m [1;30mLevel 1[0m checking 'C:\COMP4900project\ros2_ws\install\Lib\site-packages'
[23.043s] [34mcolcon.colcon_core.environment[0m [1;30mLevel 1[0m checking 'C:\COMP4900project\ros2_ws\install\Scripts'
[23.182s] [34mcolcon.colcon_core.shell[0m [1;30mINFO[0m Creating package script 'C:\COMP4900project\ros2_ws\install\share\handler_pkg\package.ps1'
[23.183s] [34mcolcon.colcon_core.shell[0m [1;30mINFO[0m Creating package script 'C:\COMP4900project\ros2_ws\install\share\handler_pkg\package.bat'
[23.184s] [34mcolcon.colcon_core.shell[0m [1;30mINFO[0m Creating package descriptor 'C:\COMP4900project\ros2_ws\install\share\handler_pkg\package.dsv'
[23.186s] [34mcolcon.colcon_core.environment[0m [1;30mLevel 1[0m create_file_with_runtime_dependencies(C:\COMP4900project\ros2_ws\install\share\colcon-core\packages\handler_pkg)
[23.186s] [34mcolcon.colcon_parallel_executor.executor.parallel[0m [1;30mDEBUG[0m [32mclosing loop[0m
[23.187s] [34mcolcon.colcon_parallel_executor.executor.parallel[0m [1;30mDEBUG[0m [32mloop closed[0m
[23.187s] [34mcolcon.colcon_parallel_executor.executor.parallel[0m [1;30mDEBUG[0m [32mrun_until_complete finished with '0'[0m
[23.187s] [34mcolcon.colcon_core.event_reactor[0m [1;30mDEBUG[0m [32mjoining thread[0m
[23.333s] [34mcolcon.colcon_core.plugin_system[0m [1;30mINFO[0m Skipping extension 'colcon_notification.desktop_notification.notify2': 'notify2' not found
[23.333s] [34mcolcon.colcon_core.plugin_system[0m [1;30mINFO[0m Skipping extension 'colcon_notification.desktop_notification.notify_send': Not used on non-Linux systems
[23.333s] [34mcolcon.colcon_core.plugin_system[0m [1;30mINFO[0m Skipping extension 'colcon_notification.desktop_notification.terminal_notifier': Not used on non-Darwin systems
[23.333s] [34mcolcon.colcon_notification.desktop_notification[0m [1;30mINFO[0m Sending desktop notification using 'win32'
[28.389s] [34mcolcon.colcon_core.event_reactor[0m [1;30mDEBUG[0m [32mjoined thread[0m
[28.526s] [34mcolcon.colcon_core.shell[0m [1;30mINFO[0m Creating prefix script 'C:\COMP4900project\ros2_ws\install\local_setup.ps1'
[28.528s] [34mcolcon.colcon_core.shell[0m [1;30mINFO[0m Creating prefix util module 'C:\COMP4900project\ros2_ws\install\_local_setup_util_ps1.py'
[28.530s] [34mcolcon.colcon_core.shell[0m [1;30mINFO[0m Creating prefix chain script 'C:\COMP4900project\ros2_ws\install\setup.ps1'
[28.670s] [34mcolcon.colcon_core.shell[0m [1;30mINFO[0m Creating prefix script 'C:\COMP4900project\ros2_ws\install\local_setup.bat'
[28.671s] [34mcolcon.colcon_core.shell[0m [1;30mINFO[0m Creating prefix util module 'C:\COMP4900project\ros2_ws\install\_local_setup_util_bat.py'
[28.673s] [34mcolcon.colcon_core.shell[0m [1;30mINFO[0m Creating prefix chain script 'C:\COMP4900project\ros2_ws\install\setup.bat'
