[1.047s] Invoking command in 'C:\COMP4900project\ros2_ws\build\sensor_pkg': INCLUDE=%INCLUDE%
IntelliJ IDEA=C:\Program Files\JetBrains\IntelliJ IDEA 2023.2.1\bin;
IntelliJ IDEA Educational Edition=C:\Program Files\JetBrains\IntelliJ IDEA Educational Edition 2020.3.2\bin; C:\Program Files\CMake\bin\cmake.EXE C:\COMP4900project\ros2_ws\src\sensor_pkg -DCMAKE_INSTALL_PREFIX=C:\COMP4900project\ros2_ws\install -G Visual Studio 16 2019
[1.094s] -- Selecting Windows SDK version 10.0.22000.0 to target Windows 10.0.22631.
[2.578s] -- The C compiler identification is MSVC 19.29.30154.0
[3.469s] -- The CXX compiler identification is MSVC 19.29.30154.0
[3.516s] -- Detecting C compiler ABI info
[4.422s] -- Detecting C compiler ABI info - done
[4.438s] -- Check for working C compiler: C:/Program Files (x86)/Microsoft Visual Studio/2019/Community/VC/Tools/MSVC/14.29.30133/bin/Hostx64/x64/cl.exe - skipped
[4.438s] -- Detecting C compile features
[4.438s] -- Detecting C compile features - done
[4.453s] -- Detecting CXX compiler ABI info
[5.344s] -- Detecting CXX compiler ABI info - done
[5.359s] -- Check for working CXX compiler: C:/Program Files (x86)/Microsoft Visual Studio/2019/Community/VC/Tools/MSVC/14.29.30133/bin/Hostx64/x64/cl.exe - skipped
[5.359s] -- Detecting CXX compile features
[5.359s] -- Detecting CXX compile features - done
[5.391s] -- Found ament_cmake: 1.3.8 (C:/dev/ros2-humble-20240222-windows-release-amd64/ros2-windows/share/ament_cmake/cmake)
[13.641s] -- Found Python3: C:/Python38/python.exe (found version "3.8.3") found components: Interpreter 
[14.297s] -- Found ament_lint_auto: 0.12.10 (C:/dev/ros2-humble-20240222-windows-release-amd64/ros2-windows/share/ament_lint_auto/cmake)
[14.703s] -- Added test 'cppcheck' to perform static code analysis on C / C++ code
[14.703s] -- Configured cppcheck include dirs: $<BUILD_INTERFACE:C:/COMP4900project/ros2_ws/src/sensor_pkg/include>
[14.703s] -- Configured cppcheck exclude dirs and/or files: 
[14.719s] -- Added test 'lint_cmake' to check CMake code style
[14.734s] -- Added test 'uncrustify' to check C / C++ code style
[14.734s] -- Configured uncrustify additional arguments: 
[14.750s] -- Added test 'xmllint' to check XML markup files
[14.813s] -- Configuring done (13.7s)
[14.953s] -- Generating done (0.1s)
[14.984s] -- Build files have been written to: C:/COMP4900project/ros2_ws/build/sensor_pkg
[14.984s] Invoked command in 'C:\COMP4900project\ros2_ws\build\sensor_pkg' returned '0': INCLUDE=%INCLUDE%
IntelliJ IDEA=C:\Program Files\JetBrains\IntelliJ IDEA 2023.2.1\bin;
IntelliJ IDEA Educational Edition=C:\Program Files\JetBrains\IntelliJ IDEA Educational Edition 2020.3.2\bin; C:\Program Files\CMake\bin\cmake.EXE C:\COMP4900project\ros2_ws\src\sensor_pkg -DCMAKE_INSTALL_PREFIX=C:\COMP4900project\ros2_ws\install -G Visual Studio 16 2019
[15.000s] Invoking command in 'C:\COMP4900project\ros2_ws\build\sensor_pkg': CL=/MP INCLUDE=%INCLUDE%
IntelliJ IDEA=C:\Program Files\JetBrains\IntelliJ IDEA 2023.2.1\bin;
IntelliJ IDEA Educational Edition=C:\Program Files\JetBrains\IntelliJ IDEA Educational Edition 2020.3.2\bin; C:\Program Files\CMake\bin\cmake.EXE --build C:\COMP4900project\ros2_ws\build\sensor_pkg --config Release
[15.156s] Microsoft (R) Build Engine version 16.11.2+f32259642 for .NET Framework
[15.156s] Copyright (C) Microsoft Corporation. All rights reserved.
[15.156s] 
[15.547s]   1>Checking Build System
[15.734s]   Building Custom Rule C:/COMP4900project/ros2_ws/src/sensor_pkg/CMakeLists.txt
[15.922s]   sensor.cpp
[16.188s]   sensor.vcxproj -> C:\COMP4900project\ros2_ws\build\sensor_pkg\Release\sensor.exe
[16.250s]   Building Custom Rule C:/COMP4900project/ros2_ws/src/sensor_pkg/CMakeLists.txt
[16.391s] Invoked command in 'C:\COMP4900project\ros2_ws\build\sensor_pkg' returned '0': CL=/MP INCLUDE=%INCLUDE%
IntelliJ IDEA=C:\Program Files\JetBrains\IntelliJ IDEA 2023.2.1\bin;
IntelliJ IDEA Educational Edition=C:\Program Files\JetBrains\IntelliJ IDEA Educational Edition 2020.3.2\bin; C:\Program Files\CMake\bin\cmake.EXE --build C:\COMP4900project\ros2_ws\build\sensor_pkg --config Release
[16.391s] Invoking command in 'C:\COMP4900project\ros2_ws\build\sensor_pkg': INCLUDE=%INCLUDE%
IntelliJ IDEA=C:\Program Files\JetBrains\IntelliJ IDEA 2023.2.1\bin;
IntelliJ IDEA Educational Edition=C:\Program Files\JetBrains\IntelliJ IDEA Educational Edition 2020.3.2\bin; C:\Program Files\CMake\bin\cmake.EXE --install C:\COMP4900project\ros2_ws\build\sensor_pkg --config Release
[16.422s] -- Installing: C:/COMP4900project/ros2_ws/install/lib/sensor_pkg/sensor.exe
[16.422s] -- Installing: C:/COMP4900project/ros2_ws/install/share/ament_index/resource_index/package_run_dependencies/sensor_pkg
[16.438s] -- Installing: C:/COMP4900project/ros2_ws/install/share/ament_index/resource_index/parent_prefix_path/sensor_pkg
[16.438s] -- Installing: C:/COMP4900project/ros2_ws/install/share/sensor_pkg/environment/ament_prefix_path.bat
[16.453s] -- Installing: C:/COMP4900project/ros2_ws/install/share/sensor_pkg/environment/ament_prefix_path.dsv
[16.453s] -- Installing: C:/COMP4900project/ros2_ws/install/share/sensor_pkg/environment/path.bat
[16.453s] -- Installing: C:/COMP4900project/ros2_ws/install/share/sensor_pkg/environment/path.dsv
[16.453s] -- Installing: C:/COMP4900project/ros2_ws/install/share/sensor_pkg/local_setup.bat
[16.469s] -- Installing: C:/COMP4900project/ros2_ws/install/share/sensor_pkg/local_setup.dsv
[16.469s] -- Installing: C:/COMP4900project/ros2_ws/install/share/sensor_pkg/package.dsv
[16.469s] -- Installing: C:/COMP4900project/ros2_ws/install/share/ament_index/resource_index/packages/sensor_pkg
[16.484s] -- Installing: C:/COMP4900project/ros2_ws/install/share/sensor_pkg/cmake/sensor_pkgConfig.cmake
[16.484s] -- Installing: C:/COMP4900project/ros2_ws/install/share/sensor_pkg/cmake/sensor_pkgConfig-version.cmake
[16.484s] -- Installing: C:/COMP4900project/ros2_ws/install/share/sensor_pkg/package.xml
[16.500s] Invoked command in 'C:\COMP4900project\ros2_ws\build\sensor_pkg' returned '0': INCLUDE=%INCLUDE%
IntelliJ IDEA=C:\Program Files\JetBrains\IntelliJ IDEA 2023.2.1\bin;
IntelliJ IDEA Educational Edition=C:\Program Files\JetBrains\IntelliJ IDEA Educational Edition 2020.3.2\bin; C:\Program Files\CMake\bin\cmake.EXE --install C:\COMP4900project\ros2_ws\build\sensor_pkg --config Release
